<?xml version="1.0" encoding="UTF-8"?>
<testsuite name="com.example.test.flow.UpdateFlowTest" tests="1" skipped="0" failures="0" errors="0" timestamp="2019-04-07T15:12:21" hostname="AMAC02X43TFJHCD" time="2.309">
  <properties/>
  <testcase name="flow Updates FNOL between Helen (carrier A) and Matt (carrier B)" classname="com.example.test.flow.UpdateFlowTest" time="2.309"/>
  <system-out><![CDATA[?[37m[INFO] 11:12:21,401 [Test worker] pool.HikariPool. - HikariPool-20 - Closed.
?[m?[37m[INFO] 11:12:21,402 [Test worker] pool.HikariPool. - HikariPool-21 - Close initiated...
?[m?[37m[INFO] 11:12:21,403 [Test worker] pool.HikariPool. - HikariPool-21 - Closed.
?[m?[37m[INFO] 11:12:21,444 [Test worker] cordapp.JarScanningCordappLoader. - Looking for CorDapps in [build/mock-network/20190407-151221.406/nodes/0/cordapps]
?[m?[37m[INFO] 11:12:21,444 [Test worker] cordapp.JarScanningCordappLoader. - Loading CorDapps from RestrictedURL(url=file:/Users/vivian.a.chen/Hackathon/samples/cordapp-example/workflows-kotlin/build/mock-network/20190407-151221.406/nodes/0/cordapps/cordapp-example-workflows-0.1.jar, rootPackageName=null), RestrictedURL(url=file:/Users/vivian.a.chen/Hackathon/samples/cordapp-example/workflows-kotlin/build/mock-network/20190407-151221.406/nodes/0/cordapps/cordapp-example-contracts-0.1.jar, rootPackageName=null)
?[m?[37m[INFO] 11:12:21,444 [Test worker] cordapp.JarScanningCordappLoader. - Scanning CorDapp in file:/Users/vivian.a.chen/Hackathon/samples/cordapp-example/workflows-kotlin/build/mock-network/20190407-151221.406/nodes/0/cordapps/cordapp-example-workflows-0.1.jar
?[m?[37m[INFO] 11:12:21,466 [Test worker] cordapp.JarScanningCordappLoader. - Found notary service CorDapp implementations: 
?[m?[37m[INFO] 11:12:21,466 [Test worker] cordapp.JarScanningCordappLoader. - Scanning CorDapp in file:/Users/vivian.a.chen/Hackathon/samples/cordapp-example/workflows-kotlin/build/mock-network/20190407-151221.406/nodes/0/cordapps/cordapp-example-contracts-0.1.jar
?[m?[37m[INFO] 11:12:21,487 [Test worker] cordapp.JarScanningCordappLoader. - Found notary service CorDapp implementations: 
?[m?[37m[INFO] 11:12:21,490 [Test worker] internal.InternalMockNetwork$MockNode. - Node starting up ...
?[m?[37m[INFO] 11:12:21,493 [Test worker] internal.NodeFlowManager. - Registered com.example.flow.CreateFNOLFlow$Initiator to initiate com.example.flow.CreateFNOLFlow$Acceptor (version 1)
?[m?[37m[INFO] 11:12:21,493 [Test worker] internal.NodeFlowManager. - Registered com.example.flow.ExampleFlow$Initiator to initiate com.example.flow.ExampleFlow$Acceptor (version 1)
?[m?[37m[INFO] 11:12:21,493 [Test worker] internal.NodeFlowManager. - Registered com.example.flow.UpdateFNOLFlow$Initiator to initiate com.example.flow.UpdateFNOLFlow$Acceptor (version 1)
?[m?[37m[INFO] 11:12:21,497 [Test worker] internal.InternalMockNetwork$MockNode. - Loaded network parameters: NetworkParameters {
      minimumPlatformVersion=1
      notaries=[NotaryInfo(identity=O=Notary Service, L=Zurich, C=CH, validating=true)]
      maxMessageSize=10485760
      maxTransactionSize=524288000
      whitelistedContractImplementations {
        
      }
      eventHorizon=PT720H
      packageOwnership {
        
      }
      modifiedTime=2019-04-07T15:12:21.406Z
      epoch=1
  }
?[m?[37m[INFO] 11:12:21,497 [Test worker] hikari.HikariDataSource. - HikariPool-22 - Started.
?[m?[37m[INFO] 11:12:21,596 [Test worker] liquibase. - Creating database history table with name: PUBLIC.DATABASECHANGELOG
?[m?[37m[INFO] 11:12:21,598 [Test worker] liquibase. - Reading from PUBLIC.DATABASECHANGELOG
?[m?[37m[INFO] 11:12:21,599 [Test worker] liquibase. - master.changelog.json: migration/common.changelog-init.xml::1511451595465-1.3::R3.Corda: Skipping changeSet migration/common.changelog-init.xml::1511451595465-1.3::R3.Corda due to validation error(s): minValue is not allowed on h2
?[m?[37m[INFO] 11:12:21,602 [Test worker] liquibase. - master.changelog.json: migration/vault-schema.changelog-pkey.xml::non-clustered_pk-11::R3.Corda: Skipping changeSet migration/vault-schema.changelog-pkey.xml::non-clustered_pk-11::R3.Corda due to validation error(s): clustered is not allowed on h2
?[m?[37m[INFO] 11:12:21,602 [Test worker] liquibase. - master.changelog.json: migration/vault-schema.changelog-pkey.xml::non-clustered_pk-12::R3.Corda: Skipping changeSet migration/vault-schema.changelog-pkey.xml::non-clustered_pk-12::R3.Corda due to validation error(s): clustered is not allowed on h2
?[m?[37m[INFO] 11:12:21,602 [Test worker] liquibase. - master.changelog.json: migration/vault-schema.changelog-pkey.xml::non-clustered_pk-13::R3.Corda: Skipping changeSet migration/vault-schema.changelog-pkey.xml::non-clustered_pk-13::R3.Corda due to validation error(s): clustered is not allowed on h2
?[m?[37m[INFO] 11:12:21,609 [Test worker] liquibase. - master.changelog.json: migration/node-core.changelog-pkey.xml::non-clustered_pk-1::R3.Corda: Skipping changeSet migration/node-core.changelog-pkey.xml::non-clustered_pk-1::R3.Corda due to validation error(s): clustered is not allowed on h2
?[m?[37m[INFO] 11:12:21,609 [Test worker] liquibase. - master.changelog.json: migration/node-core.changelog-pkey.xml::non-clustered_pk-2::R3.Corda: Skipping changeSet migration/node-core.changelog-pkey.xml::non-clustered_pk-2::R3.Corda due to validation error(s): clustered is not allowed on h2
?[m?[37m[INFO] 11:12:21,609 [Test worker] liquibase. - master.changelog.json: migration/node-core.changelog-pkey.xml::non-clustered_pk-3::R3.Corda: Skipping changeSet migration/node-core.changelog-pkey.xml::non-clustered_pk-3::R3.Corda due to validation error(s): clustered is not allowed on h2
?[m?[37m[INFO] 11:12:21,609 [Test worker] liquibase. - master.changelog.json: migration/node-core.changelog-pkey.xml::non-clustered_pk-4::R3.Corda: Skipping changeSet migration/node-core.changelog-pkey.xml::non-clustered_pk-4::R3.Corda due to validation error(s): clustered is not allowed on h2
?[m?[37m[INFO] 11:12:21,609 [Test worker] liquibase. - master.changelog.json: migration/node-core.changelog-pkey.xml::non-clustered_pk-5::R3.Corda: Skipping changeSet migration/node-core.changelog-pkey.xml::non-clustered_pk-5::R3.Corda due to validation error(s): clustered is not allowed on h2
?[m?[37m[INFO] 11:12:21,609 [Test worker] liquibase. - master.changelog.json: migration/node-core.changelog-pkey.xml::non-clustered_pk-6::R3.Corda: Skipping changeSet migration/node-core.changelog-pkey.xml::non-clustered_pk-6::R3.Corda due to validation error(s): clustered is not allowed on h2
?[m?[37m[INFO] 11:12:21,609 [Test worker] liquibase. - master.changelog.json: migration/node-core.changelog-pkey.xml::non-clustered_pk-7::R3.Corda: Skipping changeSet migration/node-core.changelog-pkey.xml::non-clustered_pk-7::R3.Corda due to validation error(s): clustered is not allowed on h2
?[m?[37m[INFO] 11:12:21,612 [Test worker] liquibase. - master.changelog.json: migration/node-notary.changelog-pkey.xml::non-clustered_pk-notary_state::R3.Corda: Skipping changeSet migration/node-notary.changelog-pkey.xml::non-clustered_pk-notary_state::R3.Corda due to validation error(s): clustered is not allowed on h2
?[m?[37m[INFO] 11:12:21,613 [Test worker] liquibase. - Successfully acquired change log lock
?[m?[37m[INFO] 11:12:21,613 [Test worker] liquibase. - master.changelog.json: migration/common.changelog-init.xml::1511451595465-1.3::R3.Corda: Skipping changeSet migration/common.changelog-init.xml::1511451595465-1.3::R3.Corda due to validation error(s): minValue is not allowed on h2
?[m?[37m[INFO] 11:12:21,615 [Test worker] liquibase. - master.changelog.json: migration/vault-schema.changelog-pkey.xml::non-clustered_pk-11::R3.Corda: Skipping changeSet migration/vault-schema.changelog-pkey.xml::non-clustered_pk-11::R3.Corda due to validation error(s): clustered is not allowed on h2
?[m?[37m[INFO] 11:12:21,615 [Test worker] liquibase. - master.changelog.json: migration/vault-schema.changelog-pkey.xml::non-clustered_pk-12::R3.Corda: Skipping changeSet migration/vault-schema.changelog-pkey.xml::non-clustered_pk-12::R3.Corda due to validation error(s): clustered is not allowed on h2
?[m?[37m[INFO] 11:12:21,615 [Test worker] liquibase. - master.changelog.json: migration/vault-schema.changelog-pkey.xml::non-clustered_pk-13::R3.Corda: Skipping changeSet migration/vault-schema.changelog-pkey.xml::non-clustered_pk-13::R3.Corda due to validation error(s): clustered is not allowed on h2
?[m?[37m[INFO] 11:12:21,618 [Test worker] liquibase. - master.changelog.json: migration/node-core.changelog-pkey.xml::non-clustered_pk-1::R3.Corda: Skipping changeSet migration/node-core.changelog-pkey.xml::non-clustered_pk-1::R3.Corda due to validation error(s): clustered is not allowed on h2
?[m?[37m[INFO] 11:12:21,618 [Test worker] liquibase. - master.changelog.json: migration/node-core.changelog-pkey.xml::non-clustered_pk-2::R3.Corda: Skipping changeSet migration/node-core.changelog-pkey.xml::non-clustered_pk-2::R3.Corda due to validation error(s): clustered is not allowed on h2
?[m?[37m[INFO] 11:12:21,618 [Test worker] liquibase. - master.changelog.json: migration/node-core.changelog-pkey.xml::non-clustered_pk-3::R3.Corda: Skipping changeSet migration/node-core.changelog-pkey.xml::non-clustered_pk-3::R3.Corda due to validation error(s): clustered is not allowed on h2
?[m?[37m[INFO] 11:12:21,618 [Test worker] liquibase. - master.changelog.json: migration/node-core.changelog-pkey.xml::non-clustered_pk-4::R3.Corda: Skipping changeSet migration/node-core.changelog-pkey.xml::non-clustered_pk-4::R3.Corda due to validation error(s): clustered is not allowed on h2
?[m?[37m[INFO] 11:12:21,618 [Test worker] liquibase. - master.changelog.json: migration/node-core.changelog-pkey.xml::non-clustered_pk-5::R3.Corda: Skipping changeSet migration/node-core.changelog-pkey.xml::non-clustered_pk-5::R3.Corda due to validation error(s): clustered is not allowed on h2
?[m?[37m[INFO] 11:12:21,618 [Test worker] liquibase. - master.changelog.json: migration/node-core.changelog-pkey.xml::non-clustered_pk-6::R3.Corda: Skipping changeSet migration/node-core.changelog-pkey.xml::non-clustered_pk-6::R3.Corda due to validation error(s): clustered is not allowed on h2
?[m?[37m[INFO] 11:12:21,618 [Test worker] liquibase. - master.changelog.json: migration/node-core.changelog-pkey.xml::non-clustered_pk-7::R3.Corda: Skipping changeSet migration/node-core.changelog-pkey.xml::non-clustered_pk-7::R3.Corda due to validation error(s): clustered is not allowed on h2
?[m?[37m[INFO] 11:12:21,618 [Test worker] liquibase. - master.changelog.json: migration/node-notary.changelog-pkey.xml::non-clustered_pk-notary_state::R3.Corda: Skipping changeSet migration/node-notary.changelog-pkey.xml::non-clustered_pk-notary_state::R3.Corda due to validation error(s): clustered is not allowed on h2
?[m?[37m[INFO] 11:12:21,618 [Test worker] liquibase. - master.changelog.json: migration/common.changelog-init.xml::1511451595465-1.1::R3.Corda: Sequence hibernate_sequence created
?[m?[37m[INFO] 11:12:21,618 [Test worker] liquibase. - master.changelog.json: migration/common.changelog-init.xml::1511451595465-1.1::R3.Corda: ChangeSet migration/common.changelog-init.xml::1511451595465-1.1::R3.Corda ran successfully in 0ms
?[m?[37m[INFO] 11:12:21,620 [Test worker] liquibase. - master.changelog.json: migration/vault-schema.changelog-init.xml::1511451595465-22::R3.Corda: Table vault_fungible_states created
?[m?[37m[INFO] 11:12:21,620 [Test worker] liquibase. - master.changelog.json: migration/vault-schema.changelog-init.xml::1511451595465-22::R3.Corda: ChangeSet migration/vault-schema.changelog-init.xml::1511451595465-22::R3.Corda ran successfully in 0ms
?[m?[37m[INFO] 11:12:21,621 [Test worker] liquibase. - master.changelog.json: migration/vault-schema.changelog-init.xml::1511451595465-23::R3.Corda: Table vault_fungible_states_parts created
?[m?[37m[INFO] 11:12:21,621 [Test worker] liquibase. - master.changelog.json: migration/vault-schema.changelog-init.xml::1511451595465-23::R3.Corda: ChangeSet migration/vault-schema.changelog-init.xml::1511451595465-23::R3.Corda ran successfully in 1ms
?[m?[37m[INFO] 11:12:21,621 [Test worker] liquibase. - master.changelog.json: migration/vault-schema.changelog-init.xml::1511451595465-24::R3.Corda: Table vault_linear_states created
?[m?[37m[INFO] 11:12:21,621 [Test worker] liquibase. - master.changelog.json: migration/vault-schema.changelog-init.xml::1511451595465-24::R3.Corda: ChangeSet migration/vault-schema.changelog-init.xml::1511451595465-24::R3.Corda ran successfully in 0ms
?[m?[37m[INFO] 11:12:21,622 [Test worker] liquibase. - master.changelog.json: migration/vault-schema.changelog-init.xml::1511451595465-25::R3.Corda: Table vault_linear_states_parts created
?[m?[37m[INFO] 11:12:21,622 [Test worker] liquibase. - master.changelog.json: migration/vault-schema.changelog-init.xml::1511451595465-25::R3.Corda: ChangeSet migration/vault-schema.changelog-init.xml::1511451595465-25::R3.Corda ran successfully in 0ms
?[m?[37m[INFO] 11:12:21,622 [Test worker] liquibase. - master.changelog.json: migration/vault-schema.changelog-init.xml::1511451595465-26::R3.Corda: Table vault_states created
?[m?[37m[INFO] 11:12:21,622 [Test worker] liquibase. - master.changelog.json: migration/vault-schema.changelog-init.xml::1511451595465-26::R3.Corda: ChangeSet migration/vault-schema.changelog-init.xml::1511451595465-26::R3.Corda ran successfully in 0ms
?[m?[37m[INFO] 11:12:21,623 [Test worker] liquibase. - master.changelog.json: migration/vault-schema.changelog-init.xml::1511451595465-27::R3.Corda: Table vault_transaction_notes created
?[m?[37m[INFO] 11:12:21,623 [Test worker] liquibase. - master.changelog.json: migration/vault-schema.changelog-init.xml::1511451595465-27::R3.Corda: ChangeSet migration/vault-schema.changelog-init.xml::1511451595465-27::R3.Corda ran successfully in 0ms
?[m?[37m[INFO] 11:12:21,624 [Test worker] liquibase. - master.changelog.json: migration/vault-schema.changelog-init.xml::1511451595465-47::R3.Corda: Primary key added to vault_fungible_states (output_index, transaction_id)
?[m?[37m[INFO] 11:12:21,624 [Test worker] liquibase. - master.changelog.json: migration/vault-schema.changelog-init.xml::1511451595465-47::R3.Corda: ChangeSet migration/vault-schema.changelog-init.xml::1511451595465-47::R3.Corda ran successfully in 1ms
?[m?[37m[INFO] 11:12:21,624 [Test worker] liquibase. - master.changelog.json: migration/vault-schema.changelog-init.xml::1511451595465-48::R3.Corda: Primary key added to vault_linear_states (output_index, transaction_id)
?[m?[37m[INFO] 11:12:21,624 [Test worker] liquibase. - master.changelog.json: migration/vault-schema.changelog-init.xml::1511451595465-48::R3.Corda: ChangeSet migration/vault-schema.changelog-init.xml::1511451595465-48::R3.Corda ran successfully in 0ms
?[m?[37m[INFO] 11:12:21,625 [Test worker] liquibase. - master.changelog.json: migration/vault-schema.changelog-init.xml::1511451595465-49::R3.Corda: Primary key added to vault_states (output_index, transaction_id)
?[m?[37m[INFO] 11:12:21,625 [Test worker] liquibase. - master.changelog.json: migration/vault-schema.changelog-init.xml::1511451595465-49::R3.Corda: ChangeSet migration/vault-schema.changelog-init.xml::1511451595465-49::R3.Corda ran successfully in 1ms
?[m?[37m[INFO] 11:12:21,625 [Test worker] liquibase. - master.changelog.json: migration/vault-schema.changelog-init.xml::1511451595465-50::R3.Corda: Primary key added to vault_transaction_notes (seq_no)
?[m?[37m[INFO] 11:12:21,625 [Test worker] liquibase. - master.changelog.json: migration/vault-schema.changelog-init.xml::1511451595465-50::R3.Corda: ChangeSet migration/vault-schema.changelog-init.xml::1511451595465-50::R3.Corda ran successfully in 0ms
?[m?[37m[INFO] 11:12:21,626 [Test worker] liquibase. - master.changelog.json: migration/vault-schema.changelog-init.xml::1511451595465-53::R3.Corda: Index external_id_index created
?[m?[37m[INFO] 11:12:21,626 [Test worker] liquibase. - master.changelog.json: migration/vault-schema.changelog-init.xml::1511451595465-53::R3.Corda: ChangeSet migration/vault-schema.changelog-init.xml::1511451595465-53::R3.Corda ran successfully in 1ms
?[m?[37m[INFO] 11:12:21,626 [Test worker] liquibase. - master.changelog.json: migration/vault-schema.changelog-init.xml::1511451595465-55::R3.Corda: Index lock_id_idx created
?[m?[37m[INFO] 11:12:21,626 [Test worker] liquibase. - master.changelog.json: migration/vault-schema.changelog-init.xml::1511451595465-55::R3.Corda: ChangeSet migration/vault-schema.changelog-init.xml::1511451595465-55::R3.Corda ran successfully in 0ms
?[m?[37m[INFO] 11:12:21,627 [Test worker] liquibase. - master.changelog.json: migration/vault-schema.changelog-init.xml::1511451595465-58::R3.Corda: Index state_status_idx created
?[m?[37m[INFO] 11:12:21,627 [Test worker] liquibase. - master.changelog.json: migration/vault-schema.changelog-init.xml::1511451595465-58::R3.Corda: ChangeSet migration/vault-schema.changelog-init.xml::1511451595465-58::R3.Corda ran successfully in 0ms
?[m?[37m[INFO] 11:12:21,627 [Test worker] liquibase. - master.changelog.json: migration/vault-schema.changelog-init.xml::1511451595465-59::R3.Corda: Index transaction_id_index created
?[m?[37m[INFO] 11:12:21,627 [Test worker] liquibase. - master.changelog.json: migration/vault-schema.changelog-init.xml::1511451595465-59::R3.Corda: ChangeSet migration/vault-schema.changelog-init.xml::1511451595465-59::R3.Corda ran successfully in 0ms
?[m?[37m[INFO] 11:12:21,628 [Test worker] liquibase. - master.changelog.json: migration/vault-schema.changelog-init.xml::1511451595465-60::R3.Corda: Index uuid_index created
?[m?[37m[INFO] 11:12:21,628 [Test worker] liquibase. - master.changelog.json: migration/vault-schema.changelog-init.xml::1511451595465-60::R3.Corda: ChangeSet migration/vault-schema.changelog-init.xml::1511451595465-60::R3.Corda ran successfully in 0ms
?[m?[37m[INFO] 11:12:21,629 [Test worker] liquibase. - master.changelog.json: migration/vault-schema.changelog-init.xml::1511451595465-64::R3.Corda: Foreign key constraint added to vault_fungible_states_parts (output_index,transaction_id)
?[m?[37m[INFO] 11:12:21,629 [Test worker] liquibase. - master.changelog.json: migration/vault-schema.changelog-init.xml::1511451595465-64::R3.Corda: ChangeSet migration/vault-schema.changelog-init.xml::1511451595465-64::R3.Corda ran successfully in 1ms
?[m?[37m[INFO] 11:12:21,630 [Test worker] liquibase. - master.changelog.json: migration/vault-schema.changelog-init.xml::1511451595465-65::R3.Corda: Foreign key constraint added to vault_linear_states_parts (output_index,transaction_id)
?[m?[37m[INFO] 11:12:21,630 [Test worker] liquibase. - master.changelog.json: migration/vault-schema.changelog-init.xml::1511451595465-65::R3.Corda: ChangeSet migration/vault-schema.changelog-init.xml::1511451595465-65::R3.Corda ran successfully in 1ms
?[m?[37m[INFO] 11:12:21,630 [Test worker] liquibase. - master.changelog.json: migration/vault-schema.changelog-v3.xml::clean_vault::R3.Corda: Data deleted from vault_fungible_states_parts
?[m?[37m[INFO] 11:12:21,630 [Test worker] liquibase. - master.changelog.json: migration/vault-schema.changelog-v3.xml::clean_vault::R3.Corda: Data deleted from vault_fungible_states
?[m?[37m[INFO] 11:12:21,631 [Test worker] liquibase. - master.changelog.json: migration/vault-schema.changelog-v3.xml::clean_vault::R3.Corda: Data deleted from vault_linear_states_parts
?[m?[37m[INFO] 11:12:21,631 [Test worker] liquibase. - master.changelog.json: migration/vault-schema.changelog-v3.xml::clean_vault::R3.Corda: Data deleted from vault_linear_states
?[m?[37m[INFO] 11:12:21,631 [Test worker] liquibase. - master.changelog.json: migration/vault-schema.changelog-v3.xml::clean_vault::R3.Corda: Data deleted from vault_states
?[m?[37m[INFO] 11:12:21,631 [Test worker] liquibase. - master.changelog.json: migration/vault-schema.changelog-v3.xml::clean_vault::R3.Corda: Data deleted from vault_transaction_notes
?[m?[37m[INFO] 11:12:21,631 [Test worker] liquibase. - master.changelog.json: migration/vault-schema.changelog-v3.xml::clean_vault::R3.Corda: ChangeSet migration/vault-schema.changelog-v3.xml::clean_vault::R3.Corda ran successfully in 1ms
?[m?[37m[INFO] 11:12:21,631 [Test worker] liquibase. - master.changelog.json: migration/vault-schema.changelog-v4.xml::nullability::R3.Corda: Null constraint has been added to vault_fungible_states.quantity
?[m?[37m[INFO] 11:12:21,631 [Test worker] liquibase. - master.changelog.json: migration/vault-schema.changelog-v4.xml::nullability::R3.Corda: Null constraint has been added to vault_states.contract_state_class_name
?[m?[37m[INFO] 11:12:21,631 [Test worker] liquibase. - master.changelog.json: migration/vault-schema.changelog-v4.xml::nullability::R3.Corda: Null constraint has been added to vault_states.notary_name
?[m?[37m[INFO] 11:12:21,631 [Test worker] liquibase. - master.changelog.json: migration/vault-schema.changelog-v4.xml::nullability::R3.Corda: Null constraint has been added to vault_states.recorded_timestamp
?[m?[37m[INFO] 11:12:21,632 [Test worker] liquibase. - master.changelog.json: migration/vault-schema.changelog-v4.xml::nullability::R3.Corda: Index state_status_idx dropped from table vault_states
?[m?[37m[INFO] 11:12:21,632 [Test worker] liquibase. - master.changelog.json: migration/vault-schema.changelog-v4.xml::nullability::R3.Corda: Index lock_id_idx dropped from table vault_states
?[m?[37m[INFO] 11:12:21,632 [Test worker] liquibase. - master.changelog.json: migration/vault-schema.changelog-v4.xml::nullability::R3.Corda: Null constraint has been added to vault_states.state_status
?[m?[37m[INFO] 11:12:21,632 [Test worker] liquibase. - master.changelog.json: migration/vault-schema.changelog-v4.xml::nullability::R3.Corda: Index state_status_idx created
?[m?[37m[INFO] 11:12:21,632 [Test worker] liquibase. - master.changelog.json: migration/vault-schema.changelog-v4.xml::nullability::R3.Corda: Index lock_id_idx created
?[m?[37m[INFO] 11:12:21,632 [Test worker] liquibase. - master.changelog.json: migration/vault-schema.changelog-v4.xml::nullability::R3.Corda: Index transaction_id_index dropped from table vault_transaction_notes
?[m?[37m[INFO] 11:12:21,632 [Test worker] liquibase. - master.changelog.json: migration/vault-schema.changelog-v4.xml::nullability::R3.Corda: Null constraint has been added to vault_transaction_notes.note
?[m?[37m[INFO] 11:12:21,632 [Test worker] liquibase. - master.changelog.json: migration/vault-schema.changelog-v4.xml::nullability::R3.Corda: Null constraint has been added to vault_transaction_notes.transaction_id
?[m?[37m[INFO] 11:12:21,632 [Test worker] liquibase. - master.changelog.json: migration/vault-schema.changelog-v4.xml::nullability::R3.Corda: Index transaction_id_index created
?[m?[37m[INFO] 11:12:21,632 [Test worker] liquibase. - master.changelog.json: migration/vault-schema.changelog-v4.xml::nullability::R3.Corda: ChangeSet migration/vault-schema.changelog-v4.xml::nullability::R3.Corda ran successfully in 1ms
?[m?[37m[INFO] 11:12:21,635 [Test worker] liquibase. - master.changelog.json: migration/vault-schema.changelog-v5.xml::add_relevancy_status_column::R3.Corda: Columns relevancy_status(INT) added to vault_states
?[m?[37m[INFO] 11:12:21,636 [Test worker] liquibase. - master.changelog.json: migration/vault-schema.changelog-v5.xml::add_relevancy_status_column::R3.Corda: Data updated in vault_states
?[m?[37m[INFO] 11:12:21,636 [Test worker] liquibase. - master.changelog.json: migration/vault-schema.changelog-v5.xml::add_relevancy_status_column::R3.Corda: Null constraint has been added to vault_states.relevancy_status
?[m?[37m[INFO] 11:12:21,636 [Test worker] liquibase. - master.changelog.json: migration/vault-schema.changelog-v5.xml::add_relevancy_status_column::R3.Corda: ChangeSet migration/vault-schema.changelog-v5.xml::add_relevancy_status_column::R3.Corda ran successfully in 2ms
?[m?[37m[INFO] 11:12:21,637 [Test worker] liquibase. - master.changelog.json: migration/vault-schema.changelog-v6.xml::add_is_constraint_information_columns::R3.Corda: Columns constraint_type(INT) added to vault_states
?[m?[37m[INFO] 11:12:21,638 [Test worker] liquibase. - master.changelog.json: migration/vault-schema.changelog-v6.xml::add_is_constraint_information_columns::R3.Corda: Columns constraint_data(varbinary(563)) added to vault_states
?[m?[37m[INFO] 11:12:21,638 [Test worker] liquibase. - master.changelog.json: migration/vault-schema.changelog-v6.xml::add_is_constraint_information_columns::R3.Corda: ChangeSet migration/vault-schema.changelog-v6.xml::add_is_constraint_information_columns::R3.Corda ran successfully in 2ms
?[m?[37m[INFO] 11:12:21,638 [Test worker] liquibase. - master.changelog.json: migration/vault-schema.changelog-v7.xml::make_issuer_ref_nullable::R3.Corda: Null constraint dropped from vault_fungible_states.issuer_ref
?[m?[37m[INFO] 11:12:21,638 [Test worker] liquibase. - master.changelog.json: migration/vault-schema.changelog-v7.xml::make_issuer_ref_nullable::R3.Corda: ChangeSet migration/vault-schema.changelog-v7.xml::make_issuer_ref_nullable::R3.Corda ran successfully in 0ms
?[m?[37m[INFO] 11:12:21,639 [Test worker] liquibase. - master.changelog.json: migration/vault-schema.changelog-v8.xml::create-external-id-to-state-party-view::R3.Corda: Table state_party created
?[m?[37m[INFO] 11:12:21,639 [Test worker] liquibase. - master.changelog.json: migration/vault-schema.changelog-v8.xml::create-external-id-to-state-party-view::R3.Corda: Index state_pk_hash_idx created
?[m?[37m[INFO] 11:12:21,639 [Test worker] liquibase. - master.changelog.json: migration/vault-schema.changelog-v8.xml::create-external-id-to-state-party-view::R3.Corda: Table pk_hash_to_ext_id_map created
?[m?[37m[INFO] 11:12:21,639 [Test worker] liquibase. - master.changelog.json: migration/vault-schema.changelog-v8.xml::create-external-id-to-state-party-view::R3.Corda: Index pk_hash_to_xid_idx created
?[m?[37m[INFO] 11:12:21,640 [Test worker] liquibase. - master.changelog.json: migration/vault-schema.changelog-v8.xml::create-external-id-to-state-party-view::R3.Corda: View v_pkey_hash_ex_id_map created
?[m?[37m[INFO] 11:12:21,640 [Test worker] liquibase. - master.changelog.json: migration/vault-schema.changelog-v8.xml::create-external-id-to-state-party-view::R3.Corda: ChangeSet migration/vault-schema.changelog-v8.xml::create-external-id-to-state-party-view::R3.Corda ran successfully in 1ms
?[m?[37m[INFO] 11:12:21,641 [Test worker] liquibase. - master.changelog.json: migration/node-info.changelog-init.xml::1511451595465-4::R3.Corda: Table node_link_nodeinfo_party created
?[m?[37m[INFO] 11:12:21,641 [Test worker] liquibase. - master.changelog.json: migration/node-info.changelog-init.xml::1511451595465-4::R3.Corda: ChangeSet migration/node-info.changelog-init.xml::1511451595465-4::R3.Corda ran successfully in 0ms
?[m?[37m[INFO] 11:12:21,641 [Test worker] liquibase. - master.changelog.json: migration/node-info.changelog-init.xml::1511451595465-10::R3.Corda: Table node_info_hosts created
?[m?[37m[INFO] 11:12:21,641 [Test worker] liquibase. - master.changelog.json: migration/node-info.changelog-init.xml::1511451595465-10::R3.Corda: ChangeSet migration/node-info.changelog-init.xml::1511451595465-10::R3.Corda ran successfully in 0ms
?[m?[37m[INFO] 11:12:21,642 [Test worker] liquibase. - master.changelog.json: migration/node-info.changelog-init.xml::1511451595465-11::R3.Corda: Table node_info_party_cert created
?[m?[37m[INFO] 11:12:21,642 [Test worker] liquibase. - master.changelog.json: migration/node-info.changelog-init.xml::1511451595465-11::R3.Corda: ChangeSet migration/node-info.changelog-init.xml::1511451595465-11::R3.Corda ran successfully in 0ms
?[m?[37m[INFO] 11:12:21,643 [Test worker] liquibase. - master.changelog.json: migration/node-info.changelog-init.xml::1511451595465-12::R3.Corda: Table node_infos created
?[m?[37m[INFO] 11:12:21,643 [Test worker] liquibase. - master.changelog.json: migration/node-info.changelog-init.xml::1511451595465-12::R3.Corda: ChangeSet migration/node-info.changelog-init.xml::1511451595465-12::R3.Corda ran successfully in 0ms
?[m?[37m[INFO] 11:12:21,644 [Test worker] liquibase. - master.changelog.json: migration/node-info.changelog-init.xml::1511451595465-35::R3.Corda: Primary key added to node_info_hosts (host, port)
?[m?[37m[INFO] 11:12:21,644 [Test worker] liquibase. - master.changelog.json: migration/node-info.changelog-init.xml::1511451595465-35::R3.Corda: ChangeSet migration/node-info.changelog-init.xml::1511451595465-35::R3.Corda ran successfully in 1ms
?[m?[37m[INFO] 11:12:21,644 [Test worker] liquibase. - master.changelog.json: migration/node-info.changelog-init.xml::1511451595465-36::R3.Corda: Primary key added to node_info_party_cert (party_name)
?[m?[37m[INFO] 11:12:21,644 [Test worker] liquibase. - master.changelog.json: migration/node-info.changelog-init.xml::1511451595465-36::R3.Corda: ChangeSet migration/node-info.changelog-init.xml::1511451595465-36::R3.Corda ran successfully in 0ms
?[m?[37m[INFO] 11:12:21,645 [Test worker] liquibase. - master.changelog.json: migration/node-info.changelog-init.xml::1511451595465-37::R3.Corda: Primary key added to node_infos (node_info_id)
?[m?[37m[INFO] 11:12:21,645 [Test worker] liquibase. - master.changelog.json: migration/node-info.changelog-init.xml::1511451595465-37::R3.Corda: ChangeSet migration/node-info.changelog-init.xml::1511451595465-37::R3.Corda ran successfully in 0ms
?[m?[37m[INFO] 11:12:21,645 [Test worker] liquibase. - master.changelog.json: migration/node-info.changelog-init.xml::1511451595465-62::R3.Corda: Foreign key constraint added to node_link_nodeinfo_party (node_info_id)
?[m?[37m[INFO] 11:12:21,645 [Test worker] liquibase. - master.changelog.json: migration/node-info.changelog-init.xml::1511451595465-62::R3.Corda: ChangeSet migration/node-info.changelog-init.xml::1511451595465-62::R3.Corda ran successfully in 0ms
?[m?[37m[INFO] 11:12:21,646 [Test worker] liquibase. - master.changelog.json: migration/node-info.changelog-init.xml::1511451595465-63::R3.Corda: Foreign key constraint added to node_info_hosts (node_info_id)
?[m?[37m[INFO] 11:12:21,646 [Test worker] liquibase. - master.changelog.json: migration/node-info.changelog-init.xml::1511451595465-63::R3.Corda: ChangeSet migration/node-info.changelog-init.xml::1511451595465-63::R3.Corda ran successfully in 0ms
?[m?[37m[INFO] 11:12:21,647 [Test worker] liquibase. - master.changelog.json: migration/node-info.changelog-init.xml::remove_host_port_pk::R3.Corda: Data deleted from node_infos
?[m?[37m[INFO] 11:12:21,647 [Test worker] liquibase. - master.changelog.json: migration/node-info.changelog-init.xml::remove_host_port_pk::R3.Corda: Data deleted from node_link_nodeinfo_party
?[m?[37m[INFO] 11:12:21,647 [Test worker] liquibase. - master.changelog.json: migration/node-info.changelog-init.xml::remove_host_port_pk::R3.Corda: Data deleted from node_info_hosts
?[m?[37m[INFO] 11:12:21,647 [Test worker] liquibase. - master.changelog.json: migration/node-info.changelog-init.xml::remove_host_port_pk::R3.Corda: Data deleted from node_info_party_cert
?[m?[37m[INFO] 11:12:21,647 [Test worker] liquibase. - master.changelog.json: migration/node-info.changelog-init.xml::remove_host_port_pk::R3.Corda: Primary key dropped from node_info_hosts
?[m?[37m[INFO] 11:12:21,648 [Test worker] liquibase. - master.changelog.json: migration/node-info.changelog-init.xml::remove_host_port_pk::R3.Corda: Columns hosts_id(INT) added to node_info_hosts
?[m?[37m[INFO] 11:12:21,648 [Test worker] liquibase. - master.changelog.json: migration/node-info.changelog-init.xml::remove_host_port_pk::R3.Corda: Primary key added to node_info_hosts (hosts_id)
?[m?[37m[INFO] 11:12:21,648 [Test worker] liquibase. - master.changelog.json: migration/node-info.changelog-init.xml::remove_host_port_pk::R3.Corda: ChangeSet migration/node-info.changelog-init.xml::remove_host_port_pk::R3.Corda ran successfully in 1ms
?[m?[37m[INFO] 11:12:21,649 [Test worker] liquibase. - master.changelog.json: migration/node-info.changelog-v1.xml::key/value node properties table::R3.Corda: Table node_properties created
?[m?[37m[INFO] 11:12:21,649 [Test worker] liquibase. - master.changelog.json: migration/node-info.changelog-v1.xml::key/value node properties table::R3.Corda: ChangeSet migration/node-info.changelog-v1.xml::key/value node properties table::R3.Corda ran successfully in 0ms
?[m?[37m[INFO] 11:12:21,650 [Test worker] liquibase. - master.changelog.json: migration/node-info.changelog-v2.xml::1525962920::R3.Corda: Null constraint has been added to node_infos.node_info_hash
?[m?[37m[INFO] 11:12:21,650 [Test worker] liquibase. - master.changelog.json: migration/node-info.changelog-v2.xml::1525962920::R3.Corda: Null constraint has been added to node_infos.platform_version
?[m?[37m[INFO] 11:12:21,650 [Test worker] liquibase. - master.changelog.json: migration/node-info.changelog-v2.xml::1525962920::R3.Corda: Null constraint has been added to node_infos.serial
?[m?[37m[INFO] 11:12:21,650 [Test worker] liquibase. - master.changelog.json: migration/node-info.changelog-v2.xml::1525962920::R3.Corda: Null constraint dropped from node_info_hosts.host
?[m?[37m[INFO] 11:12:21,650 [Test worker] liquibase. - master.changelog.json: migration/node-info.changelog-v2.xml::1525962920::R3.Corda: Null constraint dropped from node_info_hosts.port
?[m?[37m[INFO] 11:12:21,650 [Test worker] liquibase. - master.changelog.json: migration/node-info.changelog-v2.xml::1525962920::R3.Corda: Null constraint has been added to node_info_party_cert.owning_key_hash
?[m?[37m[INFO] 11:12:21,650 [Test worker] liquibase. - master.changelog.json: migration/node-info.changelog-v2.xml::1525962920::R3.Corda: Null constraint has been added to node_info_party_cert.party_cert_binary
?[m?[37m[INFO] 11:12:21,650 [Test worker] liquibase. - master.changelog.json: migration/node-info.changelog-v2.xml::1525962920::R3.Corda: ChangeSet migration/node-info.changelog-v2.xml::1525962920::R3.Corda ran successfully in 0ms
?[m?[37m[INFO] 11:12:21,651 [Test worker] liquibase. - master.changelog.json: migration/node-info.changelog-v3.xml::column_host_name::R3.Corda: Column node_info_hosts.host renamed to host_name
?[m?[37m[INFO] 11:12:21,651 [Test worker] liquibase. - master.changelog.json: migration/node-info.changelog-v3.xml::column_host_name::R3.Corda: ChangeSet migration/node-info.changelog-v3.xml::column_host_name::R3.Corda ran successfully in 0ms
?[m?[37m[INFO] 11:12:21,652 [Test worker] liquibase. - master.changelog.json: migration/node-services.changelog-init.xml::1511451595465-5::R3.Corda: Table node_attachments created
?[m?[37m[INFO] 11:12:21,652 [Test worker] liquibase. - master.changelog.json: migration/node-services.changelog-init.xml::1511451595465-5::R3.Corda: ChangeSet migration/node-services.changelog-init.xml::1511451595465-5::R3.Corda ran successfully in 1ms
?[m?[37m[INFO] 11:12:21,652 [Test worker] liquibase. - master.changelog.json: migration/node-services.changelog-init.xml::1511451595465-7::R3.Corda: Table node_checkpoints created
?[m?[37m[INFO] 11:12:21,652 [Test worker] liquibase. - master.changelog.json: migration/node-services.changelog-init.xml::1511451595465-7::R3.Corda: ChangeSet migration/node-services.changelog-init.xml::1511451595465-7::R3.Corda ran successfully in 0ms
?[m?[37m[INFO] 11:12:21,653 [Test worker] liquibase. - master.changelog.json: migration/node-services.changelog-init.xml::1511451595465-8::R3.Corda: Table node_contract_upgrades created
?[m?[37m[INFO] 11:12:21,653 [Test worker] liquibase. - master.changelog.json: migration/node-services.changelog-init.xml::1511451595465-8::R3.Corda: ChangeSet migration/node-services.changelog-init.xml::1511451595465-8::R3.Corda ran successfully in 0ms
?[m?[37m[INFO] 11:12:21,653 [Test worker] liquibase. - master.changelog.json: migration/node-services.changelog-init.xml::1511451595465-9::R3.Corda: Table node_identities created
?[m?[37m[INFO] 11:12:21,653 [Test worker] liquibase. - master.changelog.json: migration/node-services.changelog-init.xml::1511451595465-9::R3.Corda: ChangeSet migration/node-services.changelog-init.xml::1511451595465-9::R3.Corda ran successfully in 0ms
?[m?[37m[INFO] 11:12:21,654 [Test worker] liquibase. - master.changelog.json: migration/node-services.changelog-init.xml::1511451595465-13::R3.Corda: Table node_message_ids created
?[m?[37m[INFO] 11:12:21,654 [Test worker] liquibase. - master.changelog.json: migration/node-services.changelog-init.xml::1511451595465-13::R3.Corda: ChangeSet migration/node-services.changelog-init.xml::1511451595465-13::R3.Corda ran successfully in 0ms
?[m?[37m[INFO] 11:12:21,655 [Test worker] liquibase. - master.changelog.json: migration/node-services.changelog-init.xml::1511451595465-14::R3.Corda: Table node_message_retry created
?[m?[37m[INFO] 11:12:21,655 [Test worker] liquibase. - master.changelog.json: migration/node-services.changelog-init.xml::1511451595465-14::R3.Corda: ChangeSet migration/node-services.changelog-init.xml::1511451595465-14::R3.Corda ran successfully in 1ms
?[m?[37m[INFO] 11:12:21,655 [Test worker] liquibase. - master.changelog.json: migration/node-services.changelog-init.xml::1511451595465-15::R3.Corda: Table node_named_identities created
?[m?[37m[INFO] 11:12:21,655 [Test worker] liquibase. - master.changelog.json: migration/node-services.changelog-init.xml::1511451595465-15::R3.Corda: ChangeSet migration/node-services.changelog-init.xml::1511451595465-15::R3.Corda ran successfully in 0ms
?[m?[37m[INFO] 11:12:21,656 [Test worker] liquibase. - master.changelog.json: migration/node-services.changelog-init.xml::1511451595465-17::R3.Corda: Table node_our_key_pairs created
?[m?[37m[INFO] 11:12:21,656 [Test worker] liquibase. - master.changelog.json: migration/node-services.changelog-init.xml::1511451595465-17::R3.Corda: ChangeSet migration/node-services.changelog-init.xml::1511451595465-17::R3.Corda ran successfully in 0ms
?[m?[37m[INFO] 11:12:21,656 [Test worker] liquibase. - master.changelog.json: migration/node-services.changelog-init.xml::1511451595465-19::R3.Corda: Table node_scheduled_states created
?[m?[37m[INFO] 11:12:21,656 [Test worker] liquibase. - master.changelog.json: migration/node-services.changelog-init.xml::1511451595465-19::R3.Corda: ChangeSet migration/node-services.changelog-init.xml::1511451595465-19::R3.Corda ran successfully in 0ms
?[m?[37m[INFO] 11:12:21,657 [Test worker] liquibase. - master.changelog.json: migration/node-services.changelog-init.xml::1511451595465-20::R3.Corda: Table node_transaction_mappings created
?[m?[37m[INFO] 11:12:21,657 [Test worker] liquibase. - master.changelog.json: migration/node-services.changelog-init.xml::1511451595465-20::R3.Corda: ChangeSet migration/node-services.changelog-init.xml::1511451595465-20::R3.Corda ran successfully in 0ms
?[m?[37m[INFO] 11:12:21,657 [Test worker] liquibase. - master.changelog.json: migration/node-services.changelog-init.xml::1511451595465-21::R3.Corda: Table node_transactions created
?[m?[37m[INFO] 11:12:21,657 [Test worker] liquibase. - master.changelog.json: migration/node-services.changelog-init.xml::1511451595465-21::R3.Corda: ChangeSet migration/node-services.changelog-init.xml::1511451595465-21::R3.Corda ran successfully in 0ms
?[m?[37m[INFO] 11:12:21,658 [Test worker] liquibase. - master.changelog.json: migration/node-services.changelog-init.xml::1511451595465-30::R3.Corda: Primary key added to node_attachments (att_id)
?[m?[37m[INFO] 11:12:21,658 [Test worker] liquibase. - master.changelog.json: migration/node-services.changelog-init.xml::1511451595465-30::R3.Corda: ChangeSet migration/node-services.changelog-init.xml::1511451595465-30::R3.Corda ran successfully in 0ms
?[m?[37m[INFO] 11:12:21,659 [Test worker] liquibase. - master.changelog.json: migration/node-services.changelog-init.xml::1511451595465-32::R3.Corda: Primary key added to node_checkpoints (checkpoint_id)
?[m?[37m[INFO] 11:12:21,659 [Test worker] liquibase. - master.changelog.json: migration/node-services.changelog-init.xml::1511451595465-32::R3.Corda: ChangeSet migration/node-services.changelog-init.xml::1511451595465-32::R3.Corda ran successfully in 0ms
?[m?[37m[INFO] 11:12:21,659 [Test worker] liquibase. - master.changelog.json: migration/node-services.changelog-init.xml::1511451595465-33::R3.Corda: Primary key added to node_contract_upgrades (state_ref)
?[m?[37m[INFO] 11:12:21,660 [Test worker] liquibase. - master.changelog.json: migration/node-services.changelog-init.xml::1511451595465-33::R3.Corda: ChangeSet migration/node-services.changelog-init.xml::1511451595465-33::R3.Corda ran successfully in 0ms
?[m?[37m[INFO] 11:12:21,660 [Test worker] liquibase. - master.changelog.json: migration/node-services.changelog-init.xml::1511451595465-34::R3.Corda: Primary key added to node_identities (pk_hash)
?[m?[37m[INFO] 11:12:21,660 [Test worker] liquibase. - master.changelog.json: migration/node-services.changelog-init.xml::1511451595465-34::R3.Corda: ChangeSet migration/node-services.changelog-init.xml::1511451595465-34::R3.Corda ran successfully in 0ms
?[m?[37m[INFO] 11:12:21,661 [Test worker] liquibase. - master.changelog.json: migration/node-services.changelog-init.xml::1511451595465-38::R3.Corda: Primary key added to node_message_ids (message_id)
?[m?[37m[INFO] 11:12:21,661 [Test worker] liquibase. - master.changelog.json: migration/node-services.changelog-init.xml::1511451595465-38::R3.Corda: ChangeSet migration/node-services.changelog-init.xml::1511451595465-38::R3.Corda ran successfully in 1ms
?[m?[37m[INFO] 11:12:21,661 [Test worker] liquibase. - master.changelog.json: migration/node-services.changelog-init.xml::1511451595465-39::R3.Corda: Primary key added to node_message_retry (message_id)
?[m?[37m[INFO] 11:12:21,661 [Test worker] liquibase. - master.changelog.json: migration/node-services.changelog-init.xml::1511451595465-39::R3.Corda: ChangeSet migration/node-services.changelog-init.xml::1511451595465-39::R3.Corda ran successfully in 0ms
?[m?[37m[INFO] 11:12:21,662 [Test worker] liquibase. - master.changelog.json: migration/node-services.changelog-init.xml::1511451595465-40::R3.Corda: Primary key added to node_named_identities (name)
?[m?[37m[INFO] 11:12:21,662 [Test worker] liquibase. - master.changelog.json: migration/node-services.changelog-init.xml::1511451595465-40::R3.Corda: ChangeSet migration/node-services.changelog-init.xml::1511451595465-40::R3.Corda ran successfully in 0ms
?[m?[37m[INFO] 11:12:21,663 [Test worker] liquibase. - master.changelog.json: migration/node-services.changelog-init.xml::1511451595465-42::R3.Corda: Primary key added to node_our_key_pairs (public_key_hash)
?[m?[37m[INFO] 11:12:21,663 [Test worker] liquibase. - master.changelog.json: migration/node-services.changelog-init.xml::1511451595465-42::R3.Corda: ChangeSet migration/node-services.changelog-init.xml::1511451595465-42::R3.Corda ran successfully in 1ms
?[m?[37m[INFO] 11:12:21,663 [Test worker] liquibase. - master.changelog.json: migration/node-services.changelog-init.xml::1511451595465-44::R3.Corda: Primary key added to node_scheduled_states (output_index, transaction_id)
?[m?[37m[INFO] 11:12:21,663 [Test worker] liquibase. - master.changelog.json: migration/node-services.changelog-init.xml::1511451595465-44::R3.Corda: ChangeSet migration/node-services.changelog-init.xml::1511451595465-44::R3.Corda ran successfully in 0ms
?[m?[37m[INFO] 11:12:21,664 [Test worker] liquibase. - master.changelog.json: migration/node-services.changelog-init.xml::1511451595465-45::R3.Corda: Primary key added to node_transaction_mappings (tx_id)
?[m?[37m[INFO] 11:12:21,664 [Test worker] liquibase. - master.changelog.json: migration/node-services.changelog-init.xml::1511451595465-45::R3.Corda: ChangeSet migration/node-services.changelog-init.xml::1511451595465-45::R3.Corda ran successfully in 0ms
?[m?[37m[INFO] 11:12:21,664 [Test worker] liquibase. - master.changelog.json: migration/node-services.changelog-init.xml::1511451595465-46::R3.Corda: Primary key added to node_transactions (tx_id)
?[m?[37m[INFO] 11:12:21,664 [Test worker] liquibase. - master.changelog.json: migration/node-services.changelog-init.xml::1511451595465-46::R3.Corda: ChangeSet migration/node-services.changelog-init.xml::1511451595465-46::R3.Corda ran successfully in 0ms
?[m?[37m[INFO] 11:12:21,665 [Test worker] liquibase. - master.changelog.json: migration/node-services.changelog-init.xml::1511451595465-61::R3.Corda: Foreign key constraint added to node_link_nodeinfo_party (party_name)
?[m?[37m[INFO] 11:12:21,665 [Test worker] liquibase. - master.changelog.json: migration/node-services.changelog-init.xml::1511451595465-61::R3.Corda: ChangeSet migration/node-services.changelog-init.xml::1511451595465-61::R3.Corda ran successfully in 0ms
?[m?[37m[INFO] 11:12:21,666 [Test worker] liquibase. - master.changelog.json: migration/node-services.changelog-init.xml::add index att_id::R3.Corda: Index att_id_idx created
?[m?[37m[INFO] 11:12:21,666 [Test worker] liquibase. - master.changelog.json: migration/node-services.changelog-init.xml::add index att_id::R3.Corda: ChangeSet migration/node-services.changelog-init.xml::add index att_id::R3.Corda ran successfully in 0ms
?[m?[37m[INFO] 11:12:21,667 [Test worker] liquibase. - master.changelog.json: migration/node-services.changelog-init.xml::add_contract_attachment::R3.Corda: Table node_attchments_contracts created
?[m?[37m[INFO] 11:12:21,667 [Test worker] liquibase. - master.changelog.json: migration/node-services.changelog-init.xml::add_contract_attachment::R3.Corda: Foreign key constraint added to node_attchments_contracts (att_id)
?[m?[37m[INFO] 11:12:21,667 [Test worker] liquibase. - master.changelog.json: migration/node-services.changelog-init.xml::add_contract_attachment::R3.Corda: Data deleted from node_attachments
?[m?[37m[INFO] 11:12:21,667 [Test worker] liquibase. - master.changelog.json: migration/node-services.changelog-init.xml::add_contract_attachment::R3.Corda: ChangeSet migration/node-services.changelog-init.xml::add_contract_attachment::R3.Corda ran successfully in 0ms
?[m?[37m[INFO] 11:12:21,669 [Test worker] liquibase. - master.changelog.json: migration/node-services.changelog-init.xml::add_dedup_columns::R3.Corda: Columns sender(NVARCHAR(64)),sequence_number(BIGINT) added to node_message_ids
?[m?[37m[INFO] 11:12:21,669 [Test worker] liquibase. - master.changelog.json: migration/node-services.changelog-init.xml::add_dedup_columns::R3.Corda: ChangeSet migration/node-services.changelog-init.xml::add_dedup_columns::R3.Corda ran successfully in 1ms
?[m?[37m[INFO] 11:12:21,669 [Test worker] liquibase. - master.changelog.json: migration/node-core.changelog-v4.xml::attchments_rename::R3.Corda: Table node_attchments_contracts renamed to node_attachments_contracts
?[m?[37m[INFO] 11:12:21,669 [Test worker] liquibase. - master.changelog.json: migration/node-core.changelog-v4.xml::attchments_rename::R3.Corda: ChangeSet migration/node-core.changelog-v4.xml::attchments_rename::R3.Corda ran successfully in 0ms
?[m?[37m[INFO] 11:12:21,670 [Test worker] liquibase. - master.changelog.json: migration/node-core.changelog-v4.xml::nullability::R3.Corda: Null constraint has been added to node_identities.identity_value
?[m?[37m[INFO] 11:12:21,670 [Test worker] liquibase. - master.changelog.json: migration/node-core.changelog-v4.xml::nullability::R3.Corda: Null constraint has been added to node_attachments.content
?[m?[37m[INFO] 11:12:21,670 [Test worker] liquibase. - master.changelog.json: migration/node-core.changelog-v4.xml::nullability::R3.Corda: Null constraint has been added to node_attachments_contracts.contract_class_name
?[m?[37m[INFO] 11:12:21,670 [Test worker] liquibase. - master.changelog.json: migration/node-core.changelog-v4.xml::nullability::R3.Corda: Null constraint has been added to node_checkpoints.checkpoint_value
?[m?[37m[INFO] 11:12:21,670 [Test worker] liquibase. - master.changelog.json: migration/node-core.changelog-v4.xml::nullability::R3.Corda: Null constraint has been added to node_contract_upgrades.contract_class_name
?[m?[37m[INFO] 11:12:21,670 [Test worker] liquibase. - master.changelog.json: migration/node-core.changelog-v4.xml::nullability::R3.Corda: Null constraint has been added to node_message_ids.insertion_time
?[m?[37m[INFO] 11:12:21,670 [Test worker] liquibase. - master.changelog.json: migration/node-core.changelog-v4.xml::nullability::R3.Corda: Null constraint has been added to node_message_retry.message
?[m?[37m[INFO] 11:12:21,670 [Test worker] liquibase. - master.changelog.json: migration/node-core.changelog-v4.xml::nullability::R3.Corda: Null constraint has been added to node_message_retry.recipients
?[m?[37m[INFO] 11:12:21,670 [Test worker] liquibase. - master.changelog.json: migration/node-core.changelog-v4.xml::nullability::R3.Corda: Null constraint has been added to node_named_identities.pk_hash
?[m?[37m[INFO] 11:12:21,670 [Test worker] liquibase. - master.changelog.json: migration/node-core.changelog-v4.xml::nullability::R3.Corda: Null constraint has been added to node_our_key_pairs.private_key
?[m?[37m[INFO] 11:12:21,670 [Test worker] liquibase. - master.changelog.json: migration/node-core.changelog-v4.xml::nullability::R3.Corda: Null constraint has been added to node_our_key_pairs.public_key
?[m?[37m[INFO] 11:12:21,671 [Test worker] liquibase. - master.changelog.json: migration/node-core.changelog-v4.xml::nullability::R3.Corda: Null constraint has been added to node_transaction_mappings.state_machine_run_id
?[m?[37m[INFO] 11:12:21,671 [Test worker] liquibase. - master.changelog.json: migration/node-core.changelog-v4.xml::nullability::R3.Corda: Null constraint has been added to node_transactions.transaction_value
?[m?[37m[INFO] 11:12:21,671 [Test worker] liquibase. - master.changelog.json: migration/node-core.changelog-v4.xml::nullability::R3.Corda: ChangeSet migration/node-core.changelog-v4.xml::nullability::R3.Corda ran successfully in 1ms
?[m?[37m[INFO] 11:12:21,672 [Test worker] liquibase. - master.changelog.json: migration/node-core.changelog-v5.xml::remove_unused_node_message_retry::R3.Corda: Table node_message_retry dropped
?[m?[37m[INFO] 11:12:21,672 [Test worker] liquibase. - master.changelog.json: migration/node-core.changelog-v5.xml::remove_unused_node_message_retry::R3.Corda: ChangeSet migration/node-core.changelog-v5.xml::remove_unused_node_message_retry::R3.Corda ran successfully in 1ms
?[m?[37m[INFO] 11:12:21,682 [Test worker] liquibase. - master.changelog.json: migration/node-core.changelog-v8.xml::conditional_attchments_rename::R3.Corda: Marking ChangeSet: migration/node-core.changelog-v8.xml::conditional_attchments_rename::R3.Corda ran despite precondition failure due to onFail='MARK_RAN': 
          master.changelog.json : Table PUBLIC.NODE_ATTCHMENTS_CONTRACTS does not exist

?[m?[37m[INFO] 11:12:21,688 [Test worker] liquibase. - master.changelog.json: migration/node-core.changelog-v8.xml::conditional_attchments_contracts::R3.Corda: Marking ChangeSet: migration/node-core.changelog-v8.xml::conditional_attchments_contracts::R3.Corda ran despite precondition failure due to onFail='MARK_RAN': 
          master.changelog.json : Table PUBLIC.NODE_ATTACHMENTS_CONTRACT_CLASS_NAME does not exist

?[m?[37m[INFO] 11:12:21,688 [Test worker] liquibase. - master.changelog.json: migration/node-core.changelog-v8.xml::add_signers::R3.Corda: Table node_attachments_signers created
?[m?[37m[INFO] 11:12:21,689 [Test worker] liquibase. - master.changelog.json: migration/node-core.changelog-v8.xml::add_signers::R3.Corda: Foreign key constraint added to node_attachments_signers (att_id)
?[m?[37m[INFO] 11:12:21,689 [Test worker] liquibase. - master.changelog.json: migration/node-core.changelog-v8.xml::add_signers::R3.Corda: ChangeSet migration/node-core.changelog-v8.xml::add_signers::R3.Corda ran successfully in 1ms
?[m?[37m[INFO] 11:12:21,690 [Test worker] liquibase. - master.changelog.json: migration/node-core.changelog-tx-mapping.xml::add_tx_mapping_column::R3.Corda: Columns state_machine_run_id(NVARCHAR(36)) added to node_transactions
?[m?[37m[INFO] 11:12:21,690 [Test worker] liquibase. - master.changelog.json: migration/node-core.changelog-tx-mapping.xml::add_tx_mapping_column::R3.Corda: Custom SQL executed
?[m?[37m[INFO] 11:12:21,690 [Test worker] liquibase. - master.changelog.json: migration/node-core.changelog-tx-mapping.xml::add_tx_mapping_column::R3.Corda: Table node_transaction_mappings dropped
?[m?[37m[INFO] 11:12:21,690 [Test worker] liquibase. - master.changelog.json: migration/node-core.changelog-tx-mapping.xml::add_tx_mapping_column::R3.Corda: ChangeSet migration/node-core.changelog-tx-mapping.xml::add_tx_mapping_column::R3.Corda ran successfully in 1ms
?[m?[37m[INFO] 11:12:21,691 [Test worker] liquibase. - master.changelog.json: migration/node-services.changelog-init.xml::add_network_parameters_storage::R3.Corda: Table node_network_parameters created
?[m?[37m[INFO] 11:12:21,691 [Test worker] liquibase. - master.changelog.json: migration/node-services.changelog-init.xml::add_network_parameters_storage::R3.Corda: ChangeSet migration/node-services.changelog-init.xml::add_network_parameters_storage::R3.Corda ran successfully in 0ms
?[m?[37m[INFO] 11:12:21,692 [Test worker] liquibase. - master.changelog.json: migration/node-services.changelog-init.xml::network_parameters_pk::R3.Corda: Primary key added to node_network_parameters (hash)
?[m?[37m[INFO] 11:12:21,692 [Test worker] liquibase. - master.changelog.json: migration/node-services.changelog-init.xml::network_parameters_pk::R3.Corda: ChangeSet migration/node-services.changelog-init.xml::network_parameters_pk::R3.Corda ran successfully in 0ms
?[m?[37m[INFO] 11:12:21,694 [Test worker] liquibase. - master.changelog.json: migration/node-services.changelog-init.xml::add_version_column::R3.Corda: Columns version(INT) added to node_attachments
?[m?[37m[INFO] 11:12:21,694 [Test worker] liquibase. - master.changelog.json: migration/node-services.changelog-init.xml::add_version_column::R3.Corda: Custom SQL executed
?[m?[37m[INFO] 11:12:21,694 [Test worker] liquibase. - master.changelog.json: migration/node-services.changelog-init.xml::add_version_column::R3.Corda: Null constraint has been added to node_attachments.version
?[m?[37m[INFO] 11:12:21,694 [Test worker] liquibase. - master.changelog.json: migration/node-services.changelog-init.xml::add_version_column::R3.Corda: ChangeSet migration/node-services.changelog-init.xml::add_version_column::R3.Corda ran successfully in 2ms
?[m?[37m[INFO] 11:12:21,694 [Test worker] persistence.AttachmentVersionNumberMigration. - Start executing...
?[m?[37m[INFO] 11:12:21,695 [Test worker] persistence.AttachmentVersionNumberMigration. - Attachment version creation from whitelisted JARs using network parameters from build/mock-network/20190407-151221.406/nodes/0/network-parameters, whitelistedContractImplementations: {}.
?[m?[37m[INFO] 11:12:21,695 [Test worker] persistence.AttachmentVersionNumberMigration. - Attachment version creation from whitelisted JARs skipped, no attachments not found.
?[m?[37m[INFO] 11:12:21,695 [Test worker] liquibase. - master.changelog.json: migration/node-services.changelog-init.xml::update-version-of-whitelisted-jars::R3.Corda: null
?[m?[37m[INFO] 11:12:21,695 [Test worker] liquibase. - master.changelog.json: migration/node-services.changelog-init.xml::update-version-of-whitelisted-jars::R3.Corda: ChangeSet migration/node-services.changelog-init.xml::update-version-of-whitelisted-jars::R3.Corda ran successfully in 1ms
?[m?[37m[INFO] 11:12:21,696 [Test worker] migration.VaultStateMigration. - Migrating vault state data to V4 tables
?[m?[37m[INFO] 11:12:21,697 [Test worker] persistence.HibernateConfiguration. - Init HibernateConfiguration for schemas: [VaultMigrationSchemaV1(name=net.corda.node.migration.VaultMigrationSchema, version=1), VaultSchemaV1(name=net.corda.node.services.vault.VaultSchema, version=1)]
?[m?[37m[INFO] 11:12:21,697 [Test worker] persistence.HibernateConfiguration. - Creating session factory for schemas: [VaultMigrationSchemaV1(name=net.corda.node.migration.VaultMigrationSchema, version=1), VaultSchemaV1(name=net.corda.node.services.vault.VaultSchema, version=1)]
?[m?[37m[INFO] 11:12:21,701 [Test worker] internal.ConnectionProviderInitiator. - HHH000130: Instantiating explicit connection provider: net.corda.nodeapi.internal.persistence.HibernateConfiguration$NodeDatabaseConnectionProvider
?[m?[37m[INFO] 11:12:21,701 [Test worker] dialect.Dialect. - HHH000400: Using dialect: org.hibernate.dialect.H2Dialect
?[m?[37m[INFO] 11:12:21,703 [Test worker] type.BasicTypeRegistry. - HHH000270: Type registration [materialized_blob] overrides previous : org.hibernate.type.MaterializedBlobType@13ae4c5f
?[m?[37m[INFO] 11:12:21,724 [Test worker] connections.access. - HHH10001501: Connection obtained from JdbcConnectionAccess [org.hibernate.engine.jdbc.env.internal.JdbcEnvironmentInitiator$ConnectionProviderJdbcConnectionAccess@65c73b03] for (non-JTA) DDL execution was not in auto-commit mode; the Connection 'local transaction' will be committed and the Connection will be set into auto-commit mode.
?[m?[37m[INFO] 11:12:21,741 [Test worker] persistence.HibernateConfiguration. - Created session factory for schemas: [VaultMigrationSchemaV1(name=net.corda.node.migration.VaultMigrationSchema, version=1), VaultSchemaV1(name=net.corda.node.services.vault.VaultSchema, version=1)]
?[m?[37m[INFO] 11:12:21,741 [Test worker] internal.QueryTranslatorFactoryInitiator. - HHH000397: Using ASTQueryTranslatorFactory
?[m?[37m[INFO] 11:12:21,745 [Test worker] migration.VaultStateMigration. - Finished performing vault state data migration for 0 states
?[m?[37m[INFO] 11:12:21,745 [Test worker] liquibase. - master.changelog.json: migration/vault-schema.changelog-v9.xml::update-vault-states::R3.Corda: null
?[m?[37m[INFO] 11:12:21,745 [Test worker] liquibase. - master.changelog.json: migration/vault-schema.changelog-v9.xml::update-vault-states::R3.Corda: ChangeSet migration/vault-schema.changelog-v9.xml::update-vault-states::R3.Corda ran successfully in 49ms
?[m?[37m[INFO] 11:12:21,746 [Test worker] liquibase. - master.changelog.json: migration/node-services.changelog-init.xml::1511451595465-16::R3.Corda: Table node_notary_committed_states created
?[m?[37m[INFO] 11:12:21,746 [Test worker] liquibase. - master.changelog.json: migration/node-services.changelog-init.xml::1511451595465-16::R3.Corda: ChangeSet migration/node-services.changelog-init.xml::1511451595465-16::R3.Corda ran successfully in 1ms
?[m?[37m[INFO] 11:12:21,746 [Test worker] liquibase. - master.changelog.json: migration/node-services.changelog-init.xml::1521131680317-17::R3.Corda: Table node_notary_request_log created
?[m?[37m[INFO] 11:12:21,746 [Test worker] liquibase. - master.changelog.json: migration/node-services.changelog-init.xml::1521131680317-17::R3.Corda: ChangeSet migration/node-services.changelog-init.xml::1521131680317-17::R3.Corda ran successfully in 0ms
?[m?[37m[INFO] 11:12:21,747 [Test worker] liquibase. - master.changelog.json: migration/node-services.changelog-init.xml::1511451595465-41::R3.Corda: Primary key added to node_notary_committed_states (output_index, transaction_id)
?[m?[37m[INFO] 11:12:21,747 [Test worker] liquibase. - master.changelog.json: migration/node-services.changelog-init.xml::1511451595465-41::R3.Corda: ChangeSet migration/node-services.changelog-init.xml::1511451595465-41::R3.Corda ran successfully in 0ms
?[m?[37m[INFO] 11:12:21,748 [Test worker] liquibase. - master.changelog.json: migration/node-services.changelog-init.xml::1521131680317-48::R3.Corda: Primary key added to node_notary_request_log (id)
?[m?[37m[INFO] 11:12:21,748 [Test worker] liquibase. - master.changelog.json: migration/node-services.changelog-init.xml::1521131680317-48::R3.Corda: ChangeSet migration/node-services.changelog-init.xml::1521131680317-48::R3.Corda ran successfully in 0ms
?[m?[37m[INFO] 11:12:21,749 [Test worker] liquibase. - master.changelog.json: migration/node-services.changelog-init.xml::nullability::R3.Corda: Null constraint has been added to node_notary_committed_states.consuming_transaction_id
?[m?[37m[INFO] 11:12:21,749 [Test worker] liquibase. - master.changelog.json: migration/node-services.changelog-init.xml::nullability::R3.Corda: ChangeSet migration/node-services.changelog-init.xml::nullability::R3.Corda ran successfully in 1ms
?[m?[37m[INFO] 11:12:21,753 [Test worker] liquibase. - master.changelog.json: migration/node-notary.changelog-v2.xml::rename-table-notary-commit-log::R3.Corda: Marking ChangeSet: migration/node-notary.changelog-v2.xml::rename-table-notary-commit-log::R3.Corda ran despite precondition failure due to onFail='MARK_RAN': 
          master.changelog.json : Table PUBLIC.node_notary_commit_log does not exist

?[m?[37m[INFO] 11:12:21,754 [Test worker] liquibase. - master.changelog.json: migration/node-notary.changelog-v2.xml::create-notary-request-log-table::R3.Corda: Marking ChangeSet: migration/node-notary.changelog-v2.xml::create-notary-request-log-table::R3.Corda ran despite precondition failure due to onFail='MARK_RAN': 
          master.changelog.json : Not precondition failed

?[m?[37m[INFO] 11:12:21,756 [Test worker] liquibase. - master.changelog.json: migration/node-notary.changelog-committed-transactions-table.xml::create-notary-committed-transactions-table::R3.Corda: Table node_notary_committed_txs created
?[m?[37m[INFO] 11:12:21,756 [Test worker] liquibase. - master.changelog.json: migration/node-notary.changelog-committed-transactions-table.xml::create-notary-committed-transactions-table::R3.Corda: Primary key added to node_notary_committed_txs (transaction_id)
?[m?[37m[INFO] 11:12:21,756 [Test worker] liquibase. - master.changelog.json: migration/node-notary.changelog-committed-transactions-table.xml::create-notary-committed-transactions-table::R3.Corda: ChangeSet migration/node-notary.changelog-committed-transactions-table.xml::create-notary-committed-transactions-table::R3.Corda ran successfully in 1ms
?[m?[37m[INFO] 11:12:21,756 [Test worker] liquibase. - Successfully released change log lock
?[m?[37m[INFO] 11:12:21,757 [Test worker] internal.InternalMockNetwork$MockNode. - Connected to H2 database.
?[m?[37m[INFO] 11:12:21,761 [Test worker] persistence.HibernateConfiguration. - Init HibernateConfiguration for schemas: [CommonSchemaV1(name=net.corda.core.schemas.CommonSchema, version=1), VaultSchemaV1(name=net.corda.node.services.vault.VaultSchema, version=1), NodeInfoSchemaV1(name=net.corda.node.internal.schemas.NodeInfoSchema, version=1), NodeCoreV1(name=net.corda.node.services.schema.NodeSchemaService$NodeCore, version=1), FNOLSchemaV1(name=com.example.schema.FNOLSchema, version=1), IOUSchemaV1(name=com.example.schema.IOUSchema, version=1), NodeNotarySchemaV1(name=net.corda.node.services.transactions.NodeNotarySchema, version=1)]
?[m?[37m[INFO] 11:12:21,761 [Test worker] persistence.HibernateConfiguration. - Creating session factory for schemas: [CommonSchemaV1(name=net.corda.core.schemas.CommonSchema, version=1), VaultSchemaV1(name=net.corda.node.services.vault.VaultSchema, version=1), NodeInfoSchemaV1(name=net.corda.node.internal.schemas.NodeInfoSchema, version=1), NodeCoreV1(name=net.corda.node.services.schema.NodeSchemaService$NodeCore, version=1), FNOLSchemaV1(name=com.example.schema.FNOLSchema, version=1), IOUSchemaV1(name=com.example.schema.IOUSchema, version=1), NodeNotarySchemaV1(name=net.corda.node.services.transactions.NodeNotarySchema, version=1)]
?[m?[37m[INFO] 11:12:21,764 [Test worker] internal.ConnectionProviderInitiator. - HHH000130: Instantiating explicit connection provider: net.corda.nodeapi.internal.persistence.HibernateConfiguration$NodeDatabaseConnectionProvider
?[m?[37m[INFO] 11:12:21,764 [Test worker] dialect.Dialect. - HHH000400: Using dialect: org.hibernate.dialect.H2Dialect
?[m?[37m[INFO] 11:12:21,765 [Test worker] type.BasicTypeRegistry. - HHH000270: Type registration [materialized_blob] overrides previous : org.hibernate.type.MaterializedBlobType@13ae4c5f
?[m?[37m[INFO] 11:12:21,791 [Test worker] connections.access. - HHH10001501: Connection obtained from JdbcConnectionAccess [org.hibernate.engine.jdbc.env.internal.JdbcEnvironmentInitiator$ConnectionProviderJdbcConnectionAccess@4a6ec868] for (non-JTA) DDL execution was not in auto-commit mode; the Connection 'local transaction' will be committed and the Connection will be set into auto-commit mode.
?[m?[37m[INFO] 11:12:21,819 [Test worker] persistence.HibernateConfiguration. - Created session factory for schemas: [CommonSchemaV1(name=net.corda.core.schemas.CommonSchema, version=1), VaultSchemaV1(name=net.corda.node.services.vault.VaultSchema, version=1), NodeInfoSchemaV1(name=net.corda.node.internal.schemas.NodeInfoSchema, version=1), NodeCoreV1(name=net.corda.node.services.schema.NodeSchemaService$NodeCore, version=1), FNOLSchemaV1(name=com.example.schema.FNOLSchema, version=1), IOUSchemaV1(name=com.example.schema.IOUSchema, version=1), NodeNotarySchemaV1(name=net.corda.node.services.transactions.NodeNotarySchema, version=1)]
?[m?[37m[INFO] 11:12:21,820 [Test worker] internal.QueryTranslatorFactoryInitiator. - HHH000397: Using ASTQueryTranslatorFactory
?[m?[37m[INFO] 11:12:21,822 [Test worker] internal.InternalMockNetwork$MockNode. - Node-info has changed so submitting update. Old node-info was null
?[m?[37m[INFO] 11:12:21,822 [Test worker] network.PersistentNetworkMapCache. - Adding node with info: NodeInfo(addresses=[mock.node:1000], legalIdentitiesAndCerts=[O=Notary Service, L=Zurich, C=CH], platformVersion=4, serial=1554649941822)
?[m?[37m[INFO] 11:12:21,823 [Test worker] network.PersistentNetworkMapCache. - No previous node found
?[m?[37m[INFO] 11:12:21,830 [Test worker] internal.InternalMockNetwork$MockNode. - New node-info: NodeInfo(addresses=[mock.node:1000], legalIdentitiesAndCerts=[O=Notary Service, L=Zurich, C=CH], platformVersion=4, serial=1554649941822)
?[m?[37m[INFO] 11:12:21,835 [Test worker] network.NetworkMapUpdater. - Auto-accept enabled for network parameter changes which modify only: [epoch, modifiedTime, packageOwnership, whitelistedContractImplementations]
?[m?[37m[INFO] 11:12:21,837 [MockNode-22-2] network.PersistentNetworkMapCache. - Adding node with info: NodeInfo(addresses=[mock.node:1000], legalIdentitiesAndCerts=[O=Notary Service, L=Zurich, C=CH], platformVersion=4, serial=1554649941822)
?[m?[37m[INFO] 11:12:21,840 [MockNode-22-2] network.PersistentNetworkMapCache. - Previous node was identical to incoming one - doing nothing
?[m?[37m[INFO] 11:12:21,854 [Test worker] ClassloaderUtils. - Contracts loading for '/var/folders/5q/xy985yhj7rg30rc4c_z3gd4m0000gn/T/attachment1808367974232031438.jar' took 14 msec
?[m?[37m[INFO] 11:12:21,862 [Test worker] persistence.NodeAttachmentService. - Stored new attachment: id=B0DC6BB384D1A6B002EFC0F67EDD756DE1A1E8883DAE28EEB966064A6EF48F64 uploader=app filename=null
?[m?[37m[INFO] 11:12:21,863 [Test worker] utilities.NotaryLoader. - Starting notary service: class net.corda.node.services.transactions.SimpleNotaryService
?[m?[37m[INFO] 11:12:21,863 [Test worker] notary.SinglePartyNotaryService. - Starting notary in validating mode
?[m?[37m[INFO] 11:12:21,867 [Test worker] statemachine.SingleThreadedStateMachineManager. - Node ready, info: NodeInfo(addresses=[mock.node:1000], legalIdentitiesAndCerts=[O=Notary Service, L=Zurich, C=CH], platformVersion=4, serial=1554649941822)
?[m?[37m[INFO] 11:12:21,868 [Test worker] network.PersistentNetworkMapCache. - Adding node with info: NodeInfo(addresses=[mock.node:1000], legalIdentitiesAndCerts=[O=Notary Service, L=Zurich, C=CH], platformVersion=4, serial=1554649941822)
?[m?[37m[INFO] 11:12:21,868 [Test worker] network.PersistentNetworkMapCache. - Previous node was identical to incoming one - doing nothing
?[m?[37m[INFO] 11:12:21,868 [Test worker] network.PersistentNetworkMapCache. - Adding node with info: NodeInfo(addresses=[mock.node:1000], legalIdentitiesAndCerts=[O=Notary Service, L=Zurich, C=CH], platformVersion=4, serial=1554649941822)
?[m?[37m[INFO] 11:12:21,868 [Test worker] network.PersistentNetworkMapCache. - Previous node was identical to incoming one - doing nothing
?[m?[37m[INFO] 11:12:21,871 [Test worker] cordapp.JarScanningCordappLoader. - Looking for CorDapps in [build/mock-network/20190407-151221.406/nodes/1/cordapps]
?[m?[37m[INFO] 11:12:21,871 [Test worker] cordapp.JarScanningCordappLoader. - Loading CorDapps from RestrictedURL(url=file:/Users/vivian.a.chen/Hackathon/samples/cordapp-example/workflows-kotlin/build/mock-network/20190407-151221.406/nodes/1/cordapps/cordapp-example-workflows-0.1.jar, rootPackageName=null), RestrictedURL(url=file:/Users/vivian.a.chen/Hackathon/samples/cordapp-example/workflows-kotlin/build/mock-network/20190407-151221.406/nodes/1/cordapps/cordapp-example-contracts-0.1.jar, rootPackageName=null)
?[m?[37m[INFO] 11:12:21,871 [Test worker] cordapp.JarScanningCordappLoader. - Scanning CorDapp in file:/Users/vivian.a.chen/Hackathon/samples/cordapp-example/workflows-kotlin/build/mock-network/20190407-151221.406/nodes/1/cordapps/cordapp-example-workflows-0.1.jar
?[m?[37m[INFO] 11:12:21,891 [Test worker] cordapp.JarScanningCordappLoader. - Found notary service CorDapp implementations: 
?[m?[37m[INFO] 11:12:21,891 [Test worker] cordapp.JarScanningCordappLoader. - Scanning CorDapp in file:/Users/vivian.a.chen/Hackathon/samples/cordapp-example/workflows-kotlin/build/mock-network/20190407-151221.406/nodes/1/cordapps/cordapp-example-contracts-0.1.jar
?[m?[37m[INFO] 11:12:21,913 [Test worker] cordapp.JarScanningCordappLoader. - Found notary service CorDapp implementations: 
?[m?[37m[INFO] 11:12:21,921 [Test worker] internal.InternalMockNetwork$MockNode. - Node starting up ...
?[m?[37m[INFO] 11:12:21,945 [Test worker] internal.NodeFlowManager. - Registered com.example.flow.CreateFNOLFlow$Initiator to initiate com.example.flow.CreateFNOLFlow$Acceptor (version 1)
?[m?[37m[INFO] 11:12:21,945 [Test worker] internal.NodeFlowManager. - Registered com.example.flow.ExampleFlow$Initiator to initiate com.example.flow.ExampleFlow$Acceptor (version 1)
?[m?[37m[INFO] 11:12:21,945 [Test worker] internal.NodeFlowManager. - Registered com.example.flow.UpdateFNOLFlow$Initiator to initiate com.example.flow.UpdateFNOLFlow$Acceptor (version 1)
?[m?[37m[INFO] 11:12:21,946 [Test worker] internal.InternalMockNetwork$MockNode. - Loaded network parameters: NetworkParameters {
      minimumPlatformVersion=1
      notaries=[NotaryInfo(identity=O=Notary Service, L=Zurich, C=CH, validating=true)]
      maxMessageSize=10485760
      maxTransactionSize=524288000
      whitelistedContractImplementations {
        
      }
      eventHorizon=PT720H
      packageOwnership {
        
      }
      modifiedTime=2019-04-07T15:12:21.406Z
      epoch=1
  }
?[m?[37m[INFO] 11:12:21,946 [Test worker] hikari.HikariDataSource. - HikariPool-23 - Started.
?[m?[37m[INFO] 11:12:22,032 [Test worker] liquibase. - Creating database history table with name: PUBLIC.DATABASECHANGELOG
?[m?[37m[INFO] 11:12:22,034 [Test worker] liquibase. - Reading from PUBLIC.DATABASECHANGELOG
?[m?[37m[INFO] 11:12:22,035 [Test worker] liquibase. - master.changelog.json: migration/common.changelog-init.xml::1511451595465-1.3::R3.Corda: Skipping changeSet migration/common.changelog-init.xml::1511451595465-1.3::R3.Corda due to validation error(s): minValue is not allowed on h2
?[m?[37m[INFO] 11:12:22,038 [Test worker] liquibase. - master.changelog.json: migration/vault-schema.changelog-pkey.xml::non-clustered_pk-11::R3.Corda: Skipping changeSet migration/vault-schema.changelog-pkey.xml::non-clustered_pk-11::R3.Corda due to validation error(s): clustered is not allowed on h2
?[m?[37m[INFO] 11:12:22,038 [Test worker] liquibase. - master.changelog.json: migration/vault-schema.changelog-pkey.xml::non-clustered_pk-12::R3.Corda: Skipping changeSet migration/vault-schema.changelog-pkey.xml::non-clustered_pk-12::R3.Corda due to validation error(s): clustered is not allowed on h2
?[m?[37m[INFO] 11:12:22,038 [Test worker] liquibase. - master.changelog.json: migration/vault-schema.changelog-pkey.xml::non-clustered_pk-13::R3.Corda: Skipping changeSet migration/vault-schema.changelog-pkey.xml::non-clustered_pk-13::R3.Corda due to validation error(s): clustered is not allowed on h2
?[m?[37m[INFO] 11:12:22,045 [Test worker] liquibase. - master.changelog.json: migration/node-core.changelog-pkey.xml::non-clustered_pk-1::R3.Corda: Skipping changeSet migration/node-core.changelog-pkey.xml::non-clustered_pk-1::R3.Corda due to validation error(s): clustered is not allowed on h2
?[m?[37m[INFO] 11:12:22,045 [Test worker] liquibase. - master.changelog.json: migration/node-core.changelog-pkey.xml::non-clustered_pk-2::R3.Corda: Skipping changeSet migration/node-core.changelog-pkey.xml::non-clustered_pk-2::R3.Corda due to validation error(s): clustered is not allowed on h2
?[m?[37m[INFO] 11:12:22,045 [Test worker] liquibase. - master.changelog.json: migration/node-core.changelog-pkey.xml::non-clustered_pk-3::R3.Corda: Skipping changeSet migration/node-core.changelog-pkey.xml::non-clustered_pk-3::R3.Corda due to validation error(s): clustered is not allowed on h2
?[m?[37m[INFO] 11:12:22,045 [Test worker] liquibase. - master.changelog.json: migration/node-core.changelog-pkey.xml::non-clustered_pk-4::R3.Corda: Skipping changeSet migration/node-core.changelog-pkey.xml::non-clustered_pk-4::R3.Corda due to validation error(s): clustered is not allowed on h2
?[m?[37m[INFO] 11:12:22,045 [Test worker] liquibase. - master.changelog.json: migration/node-core.changelog-pkey.xml::non-clustered_pk-5::R3.Corda: Skipping changeSet migration/node-core.changelog-pkey.xml::non-clustered_pk-5::R3.Corda due to validation error(s): clustered is not allowed on h2
?[m?[37m[INFO] 11:12:22,045 [Test worker] liquibase. - master.changelog.json: migration/node-core.changelog-pkey.xml::non-clustered_pk-6::R3.Corda: Skipping changeSet migration/node-core.changelog-pkey.xml::non-clustered_pk-6::R3.Corda due to validation error(s): clustered is not allowed on h2
?[m?[37m[INFO] 11:12:22,045 [Test worker] liquibase. - master.changelog.json: migration/node-core.changelog-pkey.xml::non-clustered_pk-7::R3.Corda: Skipping changeSet migration/node-core.changelog-pkey.xml::non-clustered_pk-7::R3.Corda due to validation error(s): clustered is not allowed on h2
?[m?[37m[INFO] 11:12:22,047 [Test worker] liquibase. - Successfully acquired change log lock
?[m?[37m[INFO] 11:12:22,047 [Test worker] liquibase. - master.changelog.json: migration/common.changelog-init.xml::1511451595465-1.3::R3.Corda: Skipping changeSet migration/common.changelog-init.xml::1511451595465-1.3::R3.Corda due to validation error(s): minValue is not allowed on h2
?[m?[37m[INFO] 11:12:22,049 [Test worker] liquibase. - master.changelog.json: migration/vault-schema.changelog-pkey.xml::non-clustered_pk-11::R3.Corda: Skipping changeSet migration/vault-schema.changelog-pkey.xml::non-clustered_pk-11::R3.Corda due to validation error(s): clustered is not allowed on h2
?[m?[37m[INFO] 11:12:22,049 [Test worker] liquibase. - master.changelog.json: migration/vault-schema.changelog-pkey.xml::non-clustered_pk-12::R3.Corda: Skipping changeSet migration/vault-schema.changelog-pkey.xml::non-clustered_pk-12::R3.Corda due to validation error(s): clustered is not allowed on h2
?[m?[37m[INFO] 11:12:22,049 [Test worker] liquibase. - master.changelog.json: migration/vault-schema.changelog-pkey.xml::non-clustered_pk-13::R3.Corda: Skipping changeSet migration/vault-schema.changelog-pkey.xml::non-clustered_pk-13::R3.Corda due to validation error(s): clustered is not allowed on h2
?[m?[37m[INFO] 11:12:22,051 [Test worker] liquibase. - master.changelog.json: migration/node-core.changelog-pkey.xml::non-clustered_pk-1::R3.Corda: Skipping changeSet migration/node-core.changelog-pkey.xml::non-clustered_pk-1::R3.Corda due to validation error(s): clustered is not allowed on h2
?[m?[37m[INFO] 11:12:22,051 [Test worker] liquibase. - master.changelog.json: migration/node-core.changelog-pkey.xml::non-clustered_pk-2::R3.Corda: Skipping changeSet migration/node-core.changelog-pkey.xml::non-clustered_pk-2::R3.Corda due to validation error(s): clustered is not allowed on h2
?[m?[37m[INFO] 11:12:22,051 [Test worker] liquibase. - master.changelog.json: migration/node-core.changelog-pkey.xml::non-clustered_pk-3::R3.Corda: Skipping changeSet migration/node-core.changelog-pkey.xml::non-clustered_pk-3::R3.Corda due to validation error(s): clustered is not allowed on h2
?[m?[37m[INFO] 11:12:22,051 [Test worker] liquibase. - master.changelog.json: migration/node-core.changelog-pkey.xml::non-clustered_pk-4::R3.Corda: Skipping changeSet migration/node-core.changelog-pkey.xml::non-clustered_pk-4::R3.Corda due to validation error(s): clustered is not allowed on h2
?[m?[37m[INFO] 11:12:22,051 [Test worker] liquibase. - master.changelog.json: migration/node-core.changelog-pkey.xml::non-clustered_pk-5::R3.Corda: Skipping changeSet migration/node-core.changelog-pkey.xml::non-clustered_pk-5::R3.Corda due to validation error(s): clustered is not allowed on h2
?[m?[37m[INFO] 11:12:22,051 [Test worker] liquibase. - master.changelog.json: migration/node-core.changelog-pkey.xml::non-clustered_pk-6::R3.Corda: Skipping changeSet migration/node-core.changelog-pkey.xml::non-clustered_pk-6::R3.Corda due to validation error(s): clustered is not allowed on h2
?[m?[37m[INFO] 11:12:22,051 [Test worker] liquibase. - master.changelog.json: migration/node-core.changelog-pkey.xml::non-clustered_pk-7::R3.Corda: Skipping changeSet migration/node-core.changelog-pkey.xml::non-clustered_pk-7::R3.Corda due to validation error(s): clustered is not allowed on h2
?[m?[37m[INFO] 11:12:22,052 [Test worker] liquibase. - master.changelog.json: migration/common.changelog-init.xml::1511451595465-1.1::R3.Corda: Sequence hibernate_sequence created
?[m?[37m[INFO] 11:12:22,052 [Test worker] liquibase. - master.changelog.json: migration/common.changelog-init.xml::1511451595465-1.1::R3.Corda: ChangeSet migration/common.changelog-init.xml::1511451595465-1.1::R3.Corda ran successfully in 0ms
?[m?[37m[INFO] 11:12:22,053 [Test worker] liquibase. - master.changelog.json: migration/vault-schema.changelog-init.xml::1511451595465-22::R3.Corda: Table vault_fungible_states created
?[m?[37m[INFO] 11:12:22,053 [Test worker] liquibase. - master.changelog.json: migration/vault-schema.changelog-init.xml::1511451595465-22::R3.Corda: ChangeSet migration/vault-schema.changelog-init.xml::1511451595465-22::R3.Corda ran successfully in 0ms
?[m?[37m[INFO] 11:12:22,053 [Test worker] liquibase. - master.changelog.json: migration/vault-schema.changelog-init.xml::1511451595465-23::R3.Corda: Table vault_fungible_states_parts created
?[m?[37m[INFO] 11:12:22,053 [Test worker] liquibase. - master.changelog.json: migration/vault-schema.changelog-init.xml::1511451595465-23::R3.Corda: ChangeSet migration/vault-schema.changelog-init.xml::1511451595465-23::R3.Corda ran successfully in 0ms
?[m?[37m[INFO] 11:12:22,054 [Test worker] liquibase. - master.changelog.json: migration/vault-schema.changelog-init.xml::1511451595465-24::R3.Corda: Table vault_linear_states created
?[m?[37m[INFO] 11:12:22,054 [Test worker] liquibase. - master.changelog.json: migration/vault-schema.changelog-init.xml::1511451595465-24::R3.Corda: ChangeSet migration/vault-schema.changelog-init.xml::1511451595465-24::R3.Corda ran successfully in 0ms
?[m?[37m[INFO] 11:12:22,055 [Test worker] liquibase. - master.changelog.json: migration/vault-schema.changelog-init.xml::1511451595465-25::R3.Corda: Table vault_linear_states_parts created
[...]
?[m?[37m[INFO] 11:12:22,736 [Test worker] network.PersistentNetworkMapCache. - No previous node found
?[m?[37m[INFO] 11:12:22,740 [Test worker] network.PersistentNetworkMapCache. - Adding node with info: NodeInfo(addresses=[mock.node:1000], legalIdentitiesAndCerts=[O=Mock Company 2, L=London, C=GB], platformVersion=4, serial=1554649942673)
?[m?[37m[INFO] 11:12:22,740 [Test worker] network.PersistentNetworkMapCache. - Previous node was identical to incoming one - doing nothing
?[m?[37m[INFO] 11:12:22,740 [Test worker] network.PersistentNetworkMapCache. - Adding node with info: NodeInfo(addresses=[mock.node:1000], legalIdentitiesAndCerts=[O=Mock Company 2, L=London, C=GB], platformVersion=4, serial=1554649942673)
?[m?[37m[INFO] 11:12:22,740 [Test worker] network.PersistentNetworkMapCache. - Previous node was identical to incoming one - doing nothing
?[m?[31m[WARN] 11:12:22,740 [Test worker] internal.NodeFlowManager. - Multiple flows are registered for InitiatingFlow: class com.example.flow.ExampleFlow$Initiator, currently using: class com.example.flow.ExampleFlow$Acceptor
?[m?[37m[INFO] 11:12:22,740 [Test worker] internal.NodeFlowManager. - Registered com.example.flow.ExampleFlow$Initiator to initiate com.example.flow.ExampleFlow$Acceptor (version 1)
?[m?[31m[WARN] 11:12:22,740 [Test worker] internal.NodeFlowManager. - Multiple flows are registered for InitiatingFlow: class com.example.flow.ExampleFlow$Initiator, currently using: class com.example.flow.ExampleFlow$Acceptor
?[m?[37m[INFO] 11:12:22,740 [Test worker] internal.NodeFlowManager. - Registered com.example.flow.ExampleFlow$Initiator to initiate com.example.flow.ExampleFlow$Acceptor (version 1)
?[m?[31m[WARN] 11:12:23,229 [Mock network] corda.flow. - ProgressTracker has not been started {actor_id=Only For Testing, actor_owning_identity=O=Mock Company 1, L=London, C=GB, actor_store_id=TEST, fiber-id=10000014, flow-id=5787df63-d630-41e3-bd1e-2bed95311d87, invocation_id=4b83e209-496d-4205-8ca2-0be7dfcbaa25, invocation_timestamp=2019-04-07T15:12:22.741Z, origin=Only For Testing, session_id=4b83e209-496d-4205-8ca2-0be7dfcbaa25, session_timestamp=2019-04-07T15:12:22.741Z, thread-id=1838}
?[m?[37m[INFO] 11:12:23,253 [Mock network] corda.flow. - Received transaction acknowledgement request from party O=Mock Company 1, L=London, C=GB. {fiber-id=10000015, flow-id=5a64ab01-7cd2-4815-9222-24d310acbcf3, invocation_id=4a222b1e-a3be-4e58-bb75-a9c8a920cc9b, invocation_timestamp=2019-04-07T15:12:23.245Z, origin=O=Mock Company 1, L=London, C=GB, session_id=4a222b1e-a3be-4e58-bb75-a9c8a920cc9b, session_timestamp=2019-04-07T15:12:23.245Z, thread-id=1838, tx_id=7647AE56BC12E22119CD5006B6BC3E708CF77EC0B4C218C60505FD56699638A5}
?[m?[31m[WARN] 11:12:23,253 [Mock network] corda.flow. - ProgressTracker has not been started {fiber-id=10000015, flow-id=5a64ab01-7cd2-4815-9222-24d310acbcf3, invocation_id=4a222b1e-a3be-4e58-bb75-a9c8a920cc9b, invocation_timestamp=2019-04-07T15:12:23.245Z, origin=O=Mock Company 1, L=London, C=GB, session_id=4a222b1e-a3be-4e58-bb75-a9c8a920cc9b, session_timestamp=2019-04-07T15:12:23.245Z, thread-id=1838, tx_id=7647AE56BC12E22119CD5006B6BC3E708CF77EC0B4C218C60505FD56699638A5}
?[m?[37m[INFO] 11:12:23,261 [Mock network] corda.flow. - Transaction dependencies resolution completed. {fiber-id=10000015, flow-id=5a64ab01-7cd2-4815-9222-24d310acbcf3, invocation_id=4a222b1e-a3be-4e58-bb75-a9c8a920cc9b, invocation_timestamp=2019-04-07T15:12:23.245Z, origin=O=Mock Company 1, L=London, C=GB, session_id=4a222b1e-a3be-4e58-bb75-a9c8a920cc9b, session_timestamp=2019-04-07T15:12:23.245Z, thread-id=1838, tx_id=7647AE56BC12E22119CD5006B6BC3E708CF77EC0B4C218C60505FD56699638A5}
?[m?[31m[WARN] 11:12:23,292 [Mock network] corda.flow. - ProgressTracker has not been started {fiber-id=10000015, flow-id=5a64ab01-7cd2-4815-9222-24d310acbcf3, invocation_id=4a222b1e-a3be-4e58-bb75-a9c8a920cc9b, invocation_timestamp=2019-04-07T15:12:23.245Z, origin=O=Mock Company 1, L=London, C=GB, session_id=4a222b1e-a3be-4e58-bb75-a9c8a920cc9b, session_timestamp=2019-04-07T15:12:23.245Z, thread-id=1838, tx_id=7647AE56BC12E22119CD5006B6BC3E708CF77EC0B4C218C60505FD56699638A5}
?[m?[37m[INFO] 11:12:23,301 [Mock network] corda.flow. - No need to notarise this transaction. {actor_id=Only For Testing, actor_owning_identity=O=Mock Company 1, L=London, C=GB, actor_store_id=TEST, fiber-id=10000014, flow-id=5787df63-d630-41e3-bd1e-2bed95311d87, invocation_id=4b83e209-496d-4205-8ca2-0be7dfcbaa25, invocation_timestamp=2019-04-07T15:12:22.741Z, origin=Only For Testing, session_id=4b83e209-496d-4205-8ca2-0be7dfcbaa25, session_timestamp=2019-04-07T15:12:22.741Z, thread-id=1838, tx_id=7647AE56BC12E22119CD5006B6BC3E708CF77EC0B4C218C60505FD56699638A5}
?[m?[37m[INFO] 11:12:23,301 [Mock network] corda.flow. - Recording transaction locally. {actor_id=Only For Testing, actor_owning_identity=O=Mock Company 1, L=London, C=GB, actor_store_id=TEST, fiber-id=10000014, flow-id=5787df63-d630-41e3-bd1e-2bed95311d87, invocation_id=4b83e209-496d-4205-8ca2-0be7dfcbaa25, invocation_timestamp=2019-04-07T15:12:22.741Z, origin=Only For Testing, session_id=4b83e209-496d-4205-8ca2-0be7dfcbaa25, session_timestamp=2019-04-07T15:12:22.741Z, thread-id=1838, tx_id=7647AE56BC12E22119CD5006B6BC3E708CF77EC0B4C218C60505FD56699638A5}
?[m?[37m[INFO] 11:12:23,308 [Mock network] corda.flow. - Recorded transaction locally successfully. {actor_id=Only For Testing, actor_owning_identity=O=Mock Company 1, L=London, C=GB, actor_store_id=TEST, fiber-id=10000014, flow-id=5787df63-d630-41e3-bd1e-2bed95311d87, invocation_id=4b83e209-496d-4205-8ca2-0be7dfcbaa25, invocation_timestamp=2019-04-07T15:12:22.741Z, origin=Only For Testing, session_id=4b83e209-496d-4205-8ca2-0be7dfcbaa25, session_timestamp=2019-04-07T15:12:22.741Z, thread-id=1838, tx_id=7647AE56BC12E22119CD5006B6BC3E708CF77EC0B4C218C60505FD56699638A5}
?[m?[37m[INFO] 11:12:23,317 [Mock network] corda.flow. - Received transaction acknowledgement request from party O=Mock Company 1, L=London, C=GB. {fiber-id=10000015, flow-id=5a64ab01-7cd2-4815-9222-24d310acbcf3, invocation_id=4a222b1e-a3be-4e58-bb75-a9c8a920cc9b, invocation_timestamp=2019-04-07T15:12:23.245Z, origin=O=Mock Company 1, L=London, C=GB, session_id=4a222b1e-a3be-4e58-bb75-a9c8a920cc9b, session_timestamp=2019-04-07T15:12:23.245Z, thread-id=1838, tx_id=7647AE56BC12E22119CD5006B6BC3E708CF77EC0B4C218C60505FD56699638A5}
?[m?[31m[WARN] 11:12:23,317 [Mock network] corda.flow. - ProgressTracker has not been started {fiber-id=10000015, flow-id=5a64ab01-7cd2-4815-9222-24d310acbcf3, invocation_id=4a222b1e-a3be-4e58-bb75-a9c8a920cc9b, invocation_timestamp=2019-04-07T15:12:23.245Z, origin=O=Mock Company 1, L=London, C=GB, session_id=4a222b1e-a3be-4e58-bb75-a9c8a920cc9b, session_timestamp=2019-04-07T15:12:23.245Z, thread-id=1838, tx_id=7647AE56BC12E22119CD5006B6BC3E708CF77EC0B4C218C60505FD56699638A5}
?[m?[37m[INFO] 11:12:23,321 [Mock network] corda.flow. - Transaction dependencies resolution completed. {fiber-id=10000015, flow-id=5a64ab01-7cd2-4815-9222-24d310acbcf3, invocation_id=4a222b1e-a3be-4e58-bb75-a9c8a920cc9b, invocation_timestamp=2019-04-07T15:12:23.245Z, origin=O=Mock Company 1, L=London, C=GB, session_id=4a222b1e-a3be-4e58-bb75-a9c8a920cc9b, session_timestamp=2019-04-07T15:12:23.245Z, thread-id=1838, tx_id=7647AE56BC12E22119CD5006B6BC3E708CF77EC0B4C218C60505FD56699638A5}
?[m?[37m[INFO] 11:12:23,325 [Mock network] corda.flow. - Successfully received fully signed tx. Sending it to the vault for processing. {fiber-id=10000015, flow-id=5a64ab01-7cd2-4815-9222-24d310acbcf3, invocation_id=4a222b1e-a3be-4e58-bb75-a9c8a920cc9b, invocation_timestamp=2019-04-07T15:12:23.245Z, origin=O=Mock Company 1, L=London, C=GB, session_id=4a222b1e-a3be-4e58-bb75-a9c8a920cc9b, session_timestamp=2019-04-07T15:12:23.245Z, thread-id=1838, tx_id=7647AE56BC12E22119CD5006B6BC3E708CF77EC0B4C218C60505FD56699638A5}
?[m?[37m[INFO] 11:12:23,328 [Mock network] corda.flow. - Successfully recorded received transaction locally. {fiber-id=10000015, flow-id=5a64ab01-7cd2-4815-9222-24d310acbcf3, invocation_id=4a222b1e-a3be-4e58-bb75-a9c8a920cc9b, invocation_timestamp=2019-04-07T15:12:23.245Z, origin=O=Mock Company 1, L=London, C=GB, session_id=4a222b1e-a3be-4e58-bb75-a9c8a920cc9b, session_timestamp=2019-04-07T15:12:23.245Z, thread-id=1838, tx_id=7647AE56BC12E22119CD5006B6BC3E708CF77EC0B4C218C60505FD56699638A5}
?[m?[37m[INFO] 11:12:23,334 [Mock network] corda.flow. - Party O=Mock Company 2, L=London, C=GB received the transaction. {actor_id=Only For Testing, actor_owning_identity=O=Mock Company 1, L=London, C=GB, actor_store_id=TEST, fiber-id=10000014, flow-id=5787df63-d630-41e3-bd1e-2bed95311d87, invocation_id=4b83e209-496d-4205-8ca2-0be7dfcbaa25, invocation_timestamp=2019-04-07T15:12:22.741Z, origin=Only For Testing, session_id=4b83e209-496d-4205-8ca2-0be7dfcbaa25, session_timestamp=2019-04-07T15:12:22.741Z, thread-id=1838, tx_id=7647AE56BC12E22119CD5006B6BC3E708CF77EC0B4C218C60505FD56699638A5}
?[m?[37m[INFO] 11:12:23,334 [Mock network] corda.flow. - All parties received the transaction successfully. {actor_id=Only For Testing, actor_owning_identity=O=Mock Company 1, L=London, C=GB, actor_store_id=TEST, fiber-id=10000014, flow-id=5787df63-d630-41e3-bd1e-2bed95311d87, invocation_id=4b83e209-496d-4205-8ca2-0be7dfcbaa25, invocation_timestamp=2019-04-07T15:12:22.741Z, origin=Only For Testing, session_id=4b83e209-496d-4205-8ca2-0be7dfcbaa25, session_timestamp=2019-04-07T15:12:22.741Z, thread-id=1838, tx_id=7647AE56BC12E22119CD5006B6BC3E708CF77EC0B4C218C60505FD56699638A5}
?[m?[31m[WARN] 11:12:23,393 [Mock network] corda.flow. - ProgressTracker has not been started {actor_id=Only For Testing, actor_owning_identity=O=Mock Company 2, L=London, C=GB, actor_store_id=TEST, fiber-id=10000016, flow-id=bd6b6221-133e-4c7b-be36-e13a7ca95b71, invocation_id=a41507c8-c03d-4598-bebd-6c98cd933b58, invocation_timestamp=2019-04-07T15:12:23.351Z, origin=Only For Testing, session_id=a41507c8-c03d-4598-bebd-6c98cd933b58, session_timestamp=2019-04-07T15:12:23.351Z, thread-id=1838}
?[m?[37m[INFO] 11:12:23,414 [Mock network] corda.flow. - Received transaction acknowledgement request from party O=Mock Company 2, L=London, C=GB. {fiber-id=10000017, flow-id=37a2fdbc-c5ff-4857-810e-540eb3520f70, invocation_id=5038bc56-84d6-4c5a-af16-3b1f302278c5, invocation_timestamp=2019-04-07T15:12:23.406Z, origin=O=Mock Company 2, L=London, C=GB, session_id=5038bc56-84d6-4c5a-af16-3b1f302278c5, session_timestamp=2019-04-07T15:12:23.406Z, thread-id=1838, tx_id=EF955D5E65260C0A0CD23D9E820A3979B14B82E0ADF1104194C9A90641C9CCD6}
?[m?[31m[WARN] 11:12:23,414 [Mock network] corda.flow. - ProgressTracker has not been started {fiber-id=10000017, flow-id=37a2fdbc-c5ff-4857-810e-540eb3520f70, invocation_id=5038bc56-84d6-4c5a-af16-3b1f302278c5, invocation_timestamp=2019-04-07T15:12:23.406Z, origin=O=Mock Company 2, L=London, C=GB, session_id=5038bc56-84d6-4c5a-af16-3b1f302278c5, session_timestamp=2019-04-07T15:12:23.406Z, thread-id=1838, tx_id=EF955D5E65260C0A0CD23D9E820A3979B14B82E0ADF1104194C9A90641C9CCD6}
?[m?[31m[WARN] 11:12:23,417 [Mock network] corda.flow. - ProgressTracker has not been started {fiber-id=10000017, flow-id=37a2fdbc-c5ff-4857-810e-540eb3520f70, invocation_id=5038bc56-84d6-4c5a-af16-3b1f302278c5, invocation_timestamp=2019-04-07T15:12:23.406Z, origin=O=Mock Company 2, L=London, C=GB, session_id=5038bc56-84d6-4c5a-af16-3b1f302278c5, session_timestamp=2019-04-07T15:12:23.406Z, thread-id=1838, tx_id=EF955D5E65260C0A0CD23D9E820A3979B14B82E0ADF1104194C9A90641C9CCD6}
?[m?[37m[INFO] 11:12:23,421 [Mock network] corda.flow. - Transaction dependencies resolution completed. {fiber-id=10000017, flow-id=37a2fdbc-c5ff-4857-810e-540eb3520f70, invocation_id=5038bc56-84d6-4c5a-af16-3b1f302278c5, invocation_timestamp=2019-04-07T15:12:23.406Z, origin=O=Mock Company 2, L=London, C=GB, session_id=5038bc56-84d6-4c5a-af16-3b1f302278c5, session_timestamp=2019-04-07T15:12:23.406Z, thread-id=1838, tx_id=EF955D5E65260C0A0CD23D9E820A3979B14B82E0ADF1104194C9A90641C9CCD6}
?[m?[31m[WARN] 11:12:23,455 [Mock network] corda.flow. - ProgressTracker has not been started {fiber-id=10000017, flow-id=37a2fdbc-c5ff-4857-810e-540eb3520f70, invocation_id=5038bc56-84d6-4c5a-af16-3b1f302278c5, invocation_timestamp=2019-04-07T15:12:23.406Z, origin=O=Mock Company 2, L=London, C=GB, session_id=5038bc56-84d6-4c5a-af16-3b1f302278c5, session_timestamp=2019-04-07T15:12:23.406Z, thread-id=1838, tx_id=EF955D5E65260C0A0CD23D9E820A3979B14B82E0ADF1104194C9A90641C9CCD6}
?[m?[37m[INFO] 11:12:23,477 [Mock network] corda.flow. - Sending transaction to notary: O=Notary Service, L=Zurich, C=CH. {actor_id=Only For Testing, actor_owning_identity=O=Mock Company 2, L=London, C=GB, actor_store_id=TEST, fiber-id=10000016, flow-id=bd6b6221-133e-4c7b-be36-e13a7ca95b71, invocation_id=a41507c8-c03d-4598-bebd-6c98cd933b58, invocation_timestamp=2019-04-07T15:12:23.351Z, origin=Only For Testing, session_id=a41507c8-c03d-4598-bebd-6c98cd933b58, session_timestamp=2019-04-07T15:12:23.351Z, thread-id=1838, tx_id=EF955D5E65260C0A0CD23D9E820A3979B14B82E0ADF1104194C9A90641C9CCD6}
?[m?[31m[WARN] 11:12:23,517 [Mock network] corda.flow. - ProgressTracker has not been started {fiber-id=10000018, flow-id=b707bc49-3cfd-4303-9e61-c8fec1a549ac, invocation_id=4a8b1f2a-097c-478c-8630-855fe7ae91af, invocation_timestamp=2019-04-07T15:12:23.504Z, origin=O=Mock Company 2, L=London, C=GB, session_id=4a8b1f2a-097c-478c-8630-855fe7ae91af, session_timestamp=2019-04-07T15:12:23.504Z, thread-id=1838}
?[m?[37m[INFO] 11:12:23,663 [Mock network] corda.flow. - Notary responded. {actor_id=Only For Testing, actor_owning_identity=O=Mock Company 2, L=London, C=GB, actor_store_id=TEST, fiber-id=10000016, flow-id=bd6b6221-133e-4c7b-be36-e13a7ca95b71, invocation_id=a41507c8-c03d-4598-bebd-6c98cd933b58, invocation_timestamp=2019-04-07T15:12:23.351Z, origin=Only For Testing, session_id=a41507c8-c03d-4598-bebd-6c98cd933b58, session_timestamp=2019-04-07T15:12:23.351Z, thread-id=1838, tx_id=EF955D5E65260C0A0CD23D9E820A3979B14B82E0ADF1104194C9A90641C9CCD6}
?[m?[37m[INFO] 11:12:23,664 [Mock network] corda.flow. - Recording transaction locally. {actor_id=Only For Testing, actor_owning_identity=O=Mock Company 2, L=London, C=GB, actor_store_id=TEST, fiber-id=10000016, flow-id=bd6b6221-133e-4c7b-be36-e13a7ca95b71, invocation_id=a41507c8-c03d-4598-bebd-6c98cd933b58, invocation_timestamp=2019-04-07T15:12:23.351Z, origin=Only For Testing, session_id=a41507c8-c03d-4598-bebd-6c98cd933b58, session_timestamp=2019-04-07T15:12:23.351Z, thread-id=1838, tx_id=EF955D5E65260C0A0CD23D9E820A3979B14B82E0ADF1104194C9A90641C9CCD6}
?[m?[37m[INFO] 11:12:23,668 [Mock network] corda.flow. - Recorded transaction locally successfully. {actor_id=Only For Testing, actor_owning_identity=O=Mock Company 2, L=London, C=GB, actor_store_id=TEST, fiber-id=10000016, flow-id=bd6b6221-133e-4c7b-be36-e13a7ca95b71, invocation_id=a41507c8-c03d-4598-bebd-6c98cd933b58, invocation_timestamp=2019-04-07T15:12:23.351Z, origin=Only For Testing, session_id=a41507c8-c03d-4598-bebd-6c98cd933b58, session_timestamp=2019-04-07T15:12:23.351Z, thread-id=1838, tx_id=EF955D5E65260C0A0CD23D9E820A3979B14B82E0ADF1104194C9A90641C9CCD6}
?[m?[37m[INFO] 11:12:23,678 [Mock network] corda.flow. - Received transaction acknowledgement request from party O=Mock Company 2, L=London, C=GB. {fiber-id=10000017, flow-id=37a2fdbc-c5ff-4857-810e-540eb3520f70, invocation_id=5038bc56-84d6-4c5a-af16-3b1f302278c5, invocation_timestamp=2019-04-07T15:12:23.406Z, origin=O=Mock Company 2, L=London, C=GB, session_id=5038bc56-84d6-4c5a-af16-3b1f302278c5, session_timestamp=2019-04-07T15:12:23.406Z, thread-id=1838, tx_id=EF955D5E65260C0A0CD23D9E820A3979B14B82E0ADF1104194C9A90641C9CCD6}
?[m?[31m[WARN] 11:12:23,678 [Mock network] corda.flow. - ProgressTracker has not been started {fiber-id=10000017, flow-id=37a2fdbc-c5ff-4857-810e-540eb3520f70, invocation_id=5038bc56-84d6-4c5a-af16-3b1f302278c5, invocation_timestamp=2019-04-07T15:12:23.406Z, origin=O=Mock Company 2, L=London, C=GB, session_id=5038bc56-84d6-4c5a-af16-3b1f302278c5, session_timestamp=2019-04-07T15:12:23.406Z, thread-id=1838, tx_id=EF955D5E65260C0A0CD23D9E820A3979B14B82E0ADF1104194C9A90641C9CCD6}
?[m?[31m[WARN] 11:12:23,678 [Mock network] corda.flow. - ProgressTracker has not been started {fiber-id=10000017, flow-id=37a2fdbc-c5ff-4857-810e-540eb3520f70, invocation_id=5038bc56-84d6-4c5a-af16-3b1f302278c5, invocation_timestamp=2019-04-07T15:12:23.406Z, origin=O=Mock Company 2, L=London, C=GB, session_id=5038bc56-84d6-4c5a-af16-3b1f302278c5, session_timestamp=2019-04-07T15:12:23.406Z, thread-id=1838, tx_id=EF955D5E65260C0A0CD23D9E820A3979B14B82E0ADF1104194C9A90641C9CCD6}
?[m?[37m[INFO] 11:12:23,681 [Mock network] corda.flow. - Transaction dependencies resolution completed. {fiber-id=10000017, flow-id=37a2fdbc-c5ff-4857-810e-540eb3520f70, invocation_id=5038bc56-84d6-4c5a-af16-3b1f302278c5, invocation_timestamp=2019-04-07T15:12:23.406Z, origin=O=Mock Company 2, L=London, C=GB, session_id=5038bc56-84d6-4c5a-af16-3b1f302278c5, session_timestamp=2019-04-07T15:12:23.406Z, thread-id=1838, tx_id=EF955D5E65260C0A0CD23D9E820A3979B14B82E0ADF1104194C9A90641C9CCD6}
?[m?[37m[INFO] 11:12:23,687 [Mock network] corda.flow. - Successfully received fully signed tx. Sending it to the vault for processing. {fiber-id=10000017, flow-id=37a2fdbc-c5ff-4857-810e-540eb3520f70, invocation_id=5038bc56-84d6-4c5a-af16-3b1f302278c5, invocation_timestamp=2019-04-07T15:12:23.406Z, origin=O=Mock Company 2, L=London, C=GB, session_id=5038bc56-84d6-4c5a-af16-3b1f302278c5, session_timestamp=2019-04-07T15:12:23.406Z, thread-id=1838, tx_id=EF955D5E65260C0A0CD23D9E820A3979B14B82E0ADF1104194C9A90641C9CCD6}
?[m?[37m[INFO] 11:12:23,692 [Mock network] corda.flow. - Successfully recorded received transaction locally. {fiber-id=10000017, flow-id=37a2fdbc-c5ff-4857-810e-540eb3520f70, invocation_id=5038bc56-84d6-4c5a-af16-3b1f302278c5, invocation_timestamp=2019-04-07T15:12:23.406Z, origin=O=Mock Company 2, L=London, C=GB, session_id=5038bc56-84d6-4c5a-af16-3b1f302278c5, session_timestamp=2019-04-07T15:12:23.406Z, thread-id=1838, tx_id=EF955D5E65260C0A0CD23D9E820A3979B14B82E0ADF1104194C9A90641C9CCD6}
?[m?[37m[INFO] 11:12:23,699 [Mock network] corda.flow. - Party O=Mock Company 1, L=London, C=GB received the transaction. {actor_id=Only For Testing, actor_owning_identity=O=Mock Company 2, L=London, C=GB, actor_store_id=TEST, fiber-id=10000016, flow-id=bd6b6221-133e-4c7b-be36-e13a7ca95b71, invocation_id=a41507c8-c03d-4598-bebd-6c98cd933b58, invocation_timestamp=2019-04-07T15:12:23.351Z, origin=Only For Testing, session_id=a41507c8-c03d-4598-bebd-6c98cd933b58, session_timestamp=2019-04-07T15:12:23.351Z, thread-id=1838, tx_id=EF955D5E65260C0A0CD23D9E820A3979B14B82E0ADF1104194C9A90641C9CCD6}
?[m?[37m[INFO] 11:12:23,699 [Mock network] corda.flow. - All parties received the transaction successfully. {actor_id=Only For Testing, actor_owning_identity=O=Mock Company 2, L=London, C=GB, actor_store_id=TEST, fiber-id=10000016, flow-id=bd6b6221-133e-4c7b-be36-e13a7ca95b71, invocation_id=a41507c8-c03d-4598-bebd-6c98cd933b58, invocation_timestamp=2019-04-07T15:12:23.351Z, origin=Only For Testing, session_id=a41507c8-c03d-4598-bebd-6c98cd933b58, session_timestamp=2019-04-07T15:12:23.351Z, thread-id=1838, tx_id=EF955D5E65260C0A0CD23D9E820A3979B14B82E0ADF1104194C9A90641C9CCD6}
?[m?[37m[INFO] 11:12:23,711 [Test worker] pool.HikariPool. - HikariPool-22 - Close initiated...
?[m?[37m[INFO] 11:12:23,711 [Test worker] pool.HikariPool. - HikariPool-22 - Closed.
?[m?[37m[INFO] 11:12:23,712 [Test worker] pool.HikariPool. - HikariPool-23 - Close initiated...
?[m?[37m[INFO] 11:12:23,713 [Test worker] pool.HikariPool. - HikariPool-23 - Closed.
?[m]]></system-out>
  <system-err><![CDATA[]]></system-err>
</testsuite>
